{"/home/b4knamy/docker/oculos-de-fabrica-project/frontend/src/animations/cartAdd /cartAdd.style.ts": {"path":"/home/b4knamy/docker/oculos-de-fabrica-project/frontend/src/animations/cartAdd /cartAdd.style.ts","statementMap":{"0":{"start":{"line":1,"column":0},"end":{"line":1,"column":59}},"1":{"start":{"line":2,"column":0},"end":{"line":2,"column":72}},"2":{"start":{"line":4,"column":27},"end":{"line":28,"column":null}},"3":{"start":{"line":29,"column":13},"end":{"line":36,"column":null}},"4":{"start":{"line":37,"column":13},"end":{"line":50,"column":null}},"5":{"start":{"line":52,"column":13},"end":{"line":61,"column":null}}},"fnMap":{},"branchMap":{},"s":{"0":1,"1":1,"2":1,"3":1,"4":1,"5":1},"f":{},"b":{}}
,"/home/b4knamy/docker/oculos-de-fabrica-project/frontend/src/animations/cartAdd /cartAdd.tsx": {"path":"/home/b4knamy/docker/oculos-de-fabrica-project/frontend/src/animations/cartAdd /cartAdd.tsx","statementMap":{"0":{"start":{"line":5,"column":0},"end":{"line":5,"column":24}},"1":{"start":{"line":1,"column":0},"end":{"line":1,"column":44}},"2":{"start":{"line":2,"column":0},"end":{"line":2,"column":72}},"3":{"start":{"line":3,"column":0},"end":{"line":3,"column":71}},"4":{"start":{"line":6,"column":19},"end":{"line":6,"column":35}},"5":{"start":{"line":7,"column":74},"end":{"line":7,"column":104}},"6":{"start":{"line":8,"column":44},"end":{"line":8,"column":66}},"7":{"start":{"line":10,"column":2},"end":{"line":21,"column":null}},"8":{"start":{"line":11,"column":4},"end":{"line":16,"column":5}},"9":{"start":{"line":12,"column":26},"end":{"line":12,"column":70}},"10":{"start":{"line":13,"column":6},"end":{"line":15,"column":null}},"11":{"start":{"line":14,"column":8},"end":{"line":14,"column":null}},"12":{"start":{"line":18,"column":4},"end":{"line":18,"column":null}},"13":{"start":{"line":23,"column":2},"end":{"line":38,"column":null}},"14":{"start":{"line":25,"column":4},"end":{"line":36,"column":5}},"15":{"start":{"line":26,"column":20},"end":{"line":33,"column":14}},"16":{"start":{"line":28,"column":8},"end":{"line":32,"column":null}},"17":{"start":{"line":29,"column":39},"end":{"line":29,"column":48}},"18":{"start":{"line":30,"column":10},"end":{"line":30,"column":null}},"19":{"start":{"line":31,"column":10},"end":{"line":31,"column":null}},"20":{"start":{"line":35,"column":6},"end":{"line":35,"column":null}},"21":{"start":{"line":35,"column":19},"end":{"line":35,"column":38}},"22":{"start":{"line":40,"column":2},"end":{"line":40,"column":46}},"23":{"start":{"line":40,"column":34},"end":{"line":40,"column":46}},"24":{"start":{"line":42,"column":2},"end":{"line":49,"column":null}},"25":{"start":{"line":45,"column":10},"end":{"line":45,"column":null}},"26":{"start":{"line":54,"column":2},"end":{"line":58,"column":null}}},"fnMap":{"0":{"name":"CartAddedAnimation","decl":{"start":{"line":5,"column":24},"end":{"line":5,"column":42}},"loc":{"start":{"line":5,"column":42},"end":{"line":50,"column":1}}},"1":{"name":"(anonymous_2)","decl":{"start":{"line":10,"column":12},"end":{"line":10,"column":15}},"loc":{"start":{"line":10,"column":17},"end":{"line":21,"column":3}}},"2":{"name":"(anonymous_3)","decl":{"start":{"line":13,"column":23},"end":{"line":13,"column":24}},"loc":{"start":{"line":13,"column":32},"end":{"line":15,"column":7}}},"3":{"name":"(anonymous_4)","decl":{"start":{"line":23,"column":12},"end":{"line":23,"column":15}},"loc":{"start":{"line":23,"column":17},"end":{"line":38,"column":5}}},"4":{"name":"(anonymous_5)","decl":{"start":{"line":26,"column":31},"end":{"line":26,"column":34}},"loc":{"start":{"line":26,"column":36},"end":{"line":33,"column":7}}},"5":{"name":"(anonymous_6)","decl":{"start":{"line":28,"column":25},"end":{"line":28,"column":26}},"loc":{"start":{"line":28,"column":34},"end":{"line":32,"column":9}}},"6":{"name":"(anonymous_7)","decl":{"start":{"line":35,"column":13},"end":{"line":35,"column":16}},"loc":{"start":{"line":35,"column":19},"end":{"line":35,"column":38}}},"7":{"name":"(anonymous_8)","decl":{"start":{"line":44,"column":27},"end":{"line":44,"column":28}},"loc":{"start":{"line":44,"column":50},"end":{"line":46,"column":9}}},"8":{"name":"CartAnimation","decl":{"start":{"line":52,"column":9},"end":{"line":52,"column":22}},"loc":{"start":{"line":52,"column":62},"end":{"line":59,"column":1}}}},"branchMap":{"0":{"loc":{"start":{"line":11,"column":4},"end":{"line":16,"column":5}},"type":"if","locations":[{"start":{"line":11,"column":4},"end":{"line":16,"column":5}}]},"1":{"loc":{"start":{"line":11,"column":8},"end":{"line":11,"column":80}},"type":"binary-expr","locations":[{"start":{"line":11,"column":8},"end":{"line":11,"column":59}},{"start":{"line":11,"column":63},"end":{"line":11,"column":80}}]},"2":{"loc":{"start":{"line":25,"column":4},"end":{"line":36,"column":5}},"type":"if","locations":[{"start":{"line":25,"column":4},"end":{"line":36,"column":5}}]},"3":{"loc":{"start":{"line":25,"column":8},"end":{"line":25,"column":53}},"type":"binary-expr","locations":[{"start":{"line":25,"column":8},"end":{"line":25,"column":25}},{"start":{"line":25,"column":29},"end":{"line":25,"column":53}}]},"4":{"loc":{"start":{"line":40,"column":2},"end":{"line":40,"column":46}},"type":"if","locations":[{"start":{"line":40,"column":2},"end":{"line":40,"column":46}}]}},"s":{"0":1,"1":1,"2":1,"3":1,"4":0,"5":0,"6":0,"7":0,"8":0,"9":0,"10":0,"11":0,"12":0,"13":0,"14":0,"15":0,"16":0,"17":0,"18":0,"19":0,"20":0,"21":0,"22":0,"23":0,"24":0,"25":0,"26":0},"f":{"0":0,"1":0,"2":0,"3":0,"4":0,"5":0,"6":0,"7":0,"8":0},"b":{"0":[0],"1":[0,0],"2":[0],"3":[0,0],"4":[0]}}
,"/home/b4knamy/docker/oculos-de-fabrica-project/frontend/src/animations/productsLoading/loading.style.ts": {"path":"/home/b4knamy/docker/oculos-de-fabrica-project/frontend/src/animations/productsLoading/loading.style.ts","statementMap":{"0":{"start":{"line":1,"column":0},"end":{"line":1,"column":54}},"1":{"start":{"line":2,"column":0},"end":{"line":2,"column":54}},"2":{"start":{"line":4,"column":25},"end":{"line":17,"column":2}},"3":{"start":{"line":19,"column":13},"end":{"line":37,"column":2}}},"fnMap":{},"branchMap":{},"s":{"0":2,"1":2,"2":2,"3":2},"f":{},"b":{}}
,"/home/b4knamy/docker/oculos-de-fabrica-project/frontend/src/animations/productsLoading/loading.tsx": {"path":"/home/b4knamy/docker/oculos-de-fabrica-project/frontend/src/animations/productsLoading/loading.tsx","statementMap":{"0":{"start":{"line":3,"column":0},"end":{"line":3,"column":24}},"1":{"start":{"line":1,"column":0},"end":{"line":1,"column":51}},"2":{"start":{"line":4,"column":2},"end":{"line":10,"column":4}}},"fnMap":{"0":{"name":"LoadingProducts","decl":{"start":{"line":3,"column":24},"end":{"line":3,"column":39}},"loc":{"start":{"line":3,"column":39},"end":{"line":11,"column":1}}}},"branchMap":{},"s":{"0":2,"1":2,"2":2},"f":{"0":2},"b":{}}
,"/home/b4knamy/docker/oculos-de-fabrica-project/frontend/src/components/glasses/index.style.ts": {"path":"/home/b4knamy/docker/oculos-de-fabrica-project/frontend/src/components/glasses/index.style.ts","statementMap":{"0":{"start":{"line":1,"column":0},"end":{"line":1,"column":39}},"1":{"start":{"line":2,"column":0},"end":{"line":2,"column":63}},"2":{"start":{"line":3,"column":0},"end":{"line":3,"column":64}},"3":{"start":{"line":5,"column":13},"end":{"line":13,"column":2}},"4":{"start":{"line":15,"column":13},"end":{"line":20,"column":2}}},"fnMap":{},"branchMap":{},"s":{"0":2,"1":2,"2":2,"3":2,"4":2},"f":{},"b":{}}
,"/home/b4knamy/docker/oculos-de-fabrica-project/frontend/src/components/glasses/index.tsx": {"path":"/home/b4knamy/docker/oculos-de-fabrica-project/frontend/src/components/glasses/index.tsx","statementMap":{"0":{"start":{"line":13,"column":0},"end":{"line":13,"column":24}},"1":{"start":{"line":22,"column":0},"end":{"line":22,"column":16}},"2":{"start":{"line":1,"column":0},"end":{"line":1,"column":44}},"3":{"start":{"line":2,"column":0},"end":{"line":2,"column":45}},"4":{"start":{"line":3,"column":0},"end":{"line":3,"column":42}},"5":{"start":{"line":4,"column":0},"end":{"line":4,"column":64}},"6":{"start":{"line":5,"column":0},"end":{"line":5,"column":54}},"7":{"start":{"line":6,"column":0},"end":{"line":6,"column":71}},"8":{"start":{"line":8,"column":0},"end":{"line":8,"column":47}},"9":{"start":{"line":9,"column":0},"end":{"line":9,"column":70}},"10":{"start":{"line":10,"column":0},"end":{"line":10,"column":58}},"11":{"start":{"line":11,"column":0},"end":{"line":11,"column":54}},"12":{"start":{"line":14,"column":2},"end":{"line":19,"column":4}},"13":{"start":{"line":23,"column":17},"end":{"line":23,"column":36}},"14":{"start":{"line":24,"column":40},"end":{"line":27,"column":4}},"15":{"start":{"line":28,"column":32},"end":{"line":28,"column":46}},"16":{"start":{"line":29,"column":2},"end":{"line":48,"column":20}},"17":{"start":{"line":30,"column":4},"end":{"line":47,"column":5}},"18":{"start":{"line":31,"column":6},"end":{"line":41,"column":9}},"19":{"start":{"line":31,"column":76},"end":{"line":41,"column":8}},"20":{"start":{"line":32,"column":8},"end":{"line":35,"column":9}},"21":{"start":{"line":33,"column":10},"end":{"line":33,"column":28}},"22":{"start":{"line":34,"column":10},"end":{"line":34,"column":59}},"23":{"start":{"line":38,"column":10},"end":{"line":38,"column":31}},"24":{"start":{"line":39,"column":8},"end":{"line":39,"column":54}},"25":{"start":{"line":40,"column":8},"end":{"line":40,"column":26}},"26":{"start":{"line":43,"column":6},"end":{"line":45,"column":7}},"27":{"start":{"line":44,"column":8},"end":{"line":44,"column":33}},"28":{"start":{"line":46,"column":6},"end":{"line":46,"column":24}},"29":{"start":{"line":50,"column":2},"end":{"line":52,"column":3}},"30":{"start":{"line":51,"column":4},"end":{"line":51,"column":31}},"31":{"start":{"line":54,"column":39},"end":{"line":54,"column":50}},"32":{"start":{"line":56,"column":2},"end":{"line":59,"column":3}},"33":{"start":{"line":57,"column":4},"end":{"line":57,"column":34}},"34":{"start":{"line":61,"column":2},"end":{"line":78,"column":4}}},"fnMap":{"0":{"name":"Glasses","decl":{"start":{"line":13,"column":24},"end":{"line":13,"column":31}},"loc":{"start":{"line":13,"column":31},"end":{"line":20,"column":1}}},"1":{"name":"GlassesPage","decl":{"start":{"line":22,"column":16},"end":{"line":22,"column":27}},"loc":{"start":{"line":22,"column":27},"end":{"line":79,"column":1}}},"2":{"name":"(anonymous_10)","decl":{"start":{"line":29,"column":12},"end":{"line":29,"column":15}},"loc":{"start":{"line":29,"column":17},"end":{"line":48,"column":3}}},"3":{"name":"(anonymous_11)","decl":{"start":{"line":31,"column":57},"end":{"line":31,"column":64}},"loc":{"start":{"line":31,"column":76},"end":{"line":41,"column":8}}},"4":{"name":"(anonymous_12)","decl":{"start":{"line":31,"column":76},"end":{"line":31,"column":null}},"loc":{"start":{"line":31,"column":76},"end":{"line":41,"column":7}}}},"branchMap":{"0":{"loc":{"start":{"line":32,"column":8},"end":{"line":35,"column":9}},"type":"if","locations":[{"start":{"line":32,"column":8},"end":{"line":35,"column":9}}]},"1":{"loc":{"start":{"line":43,"column":6},"end":{"line":45,"column":7}},"type":"if","locations":[{"start":{"line":43,"column":6},"end":{"line":45,"column":7}}]},"2":{"loc":{"start":{"line":50,"column":2},"end":{"line":52,"column":3}},"type":"if","locations":[{"start":{"line":50,"column":2},"end":{"line":52,"column":3}}]},"3":{"loc":{"start":{"line":56,"column":2},"end":{"line":59,"column":3}},"type":"if","locations":[{"start":{"line":56,"column":2},"end":{"line":59,"column":3}}]},"4":{"loc":{"start":{"line":67,"column":10},"end":{"line":69,"column":33}},"type":"cond-expr","locations":[{"start":{"line":68,"column":16},"end":{"line":68,"column":20}},{"start":{"line":69,"column":16},"end":{"line":69,"column":33}}]}},"s":{"0":1,"1":1,"2":1,"3":1,"4":1,"5":1,"6":1,"7":1,"8":1,"9":1,"10":1,"11":1,"12":0,"13":2,"14":2,"15":2,"16":2,"17":1,"18":1,"19":1,"20":1,"21":0,"22":0,"23":1,"24":1,"25":1,"26":0,"27":0,"28":0,"29":2,"30":1,"31":1,"32":1,"33":0,"34":1},"f":{"0":0,"1":2,"2":1,"3":1,"4":1},"b":{"0":[0],"1":[0],"2":[1],"3":[0],"4":[0,1]}}
,"/home/b4knamy/docker/oculos-de-fabrica-project/frontend/src/components/glasses/components/colors.tsx": {"path":"/home/b4knamy/docker/oculos-de-fabrica-project/frontend/src/components/glasses/components/colors.tsx","statementMap":{"0":{"start":{"line":4,"column":0},"end":{"line":4,"column":16}},"1":{"start":{"line":5,"column":2},"end":{"line":18,"column":4}},"2":{"start":{"line":10,"column":10},"end":{"line":14,"column":12}}},"fnMap":{"0":{"name":"GlassesColors","decl":{"start":{"line":4,"column":16},"end":{"line":4,"column":29}},"loc":{"start":{"line":4,"column":74},"end":{"line":19,"column":1}}},"1":{"name":"(anonymous_1)","decl":{"start":{"line":8,"column":20},"end":{"line":8,"column":21}},"loc":{"start":{"line":8,"column":30},"end":{"line":15,"column":9}}}},"branchMap":{"0":{"loc":{"start":{"line":4,"column":42},"end":{"line":4,"column":53}},"type":"default-arg","locations":[{"start":{"line":4,"column":51},"end":{"line":4,"column":53}}]}},"s":{"0":3,"1":3,"2":9},"f":{"0":3,"1":9},"b":{"0":[0]}}
,"/home/b4knamy/docker/oculos-de-fabrica-project/frontend/src/components/glasses/components/details.tsx": {"path":"/home/b4knamy/docker/oculos-de-fabrica-project/frontend/src/components/glasses/components/details.tsx","statementMap":{"0":{"start":{"line":2,"column":0},"end":{"line":2,"column":59}},"1":{"start":{"line":3,"column":0},"end":{"line":3,"column":41}},"2":{"start":{"line":4,"column":0},"end":{"line":4,"column":50}},"3":{"start":{"line":6,"column":0},"end":{"line":6,"column":59}},"4":{"start":{"line":8,"column":31},"end":{"line":46,"column":1}},"5":{"start":{"line":9,"column":2},"end":{"line":45,"column":4}},"6":{"start":{"line":48,"column":0},"end":{"line":48,"column":38}}},"fnMap":{"0":{"name":"(anonymous_1)","decl":{"start":{"line":8,"column":31},"end":{"line":8,"column":32}},"loc":{"start":{"line":8,"column":63},"end":{"line":46,"column":1}}}},"branchMap":{"0":{"loc":{"start":{"line":12,"column":9},"end":{"line":15,"column":null}},"type":"cond-expr","locations":[{"start":{"line":13,"column":10},"end":{"line":13,"column":54}},{"start":{"line":15,"column":10},"end":{"line":15,"column":33}}]}},"s":{"0":2,"1":2,"2":2,"3":2,"4":2,"5":2,"6":2},"f":{"0":2},"b":{"0":[2,0]}}
,"/home/b4knamy/docker/oculos-de-fabrica-project/frontend/src/components/glasses/components/comments/comments.style.ts": {"path":"/home/b4knamy/docker/oculos-de-fabrica-project/frontend/src/components/glasses/components/comments/comments.style.ts","statementMap":{"0":{"start":{"line":1,"column":0},"end":{"line":1,"column":39}},"1":{"start":{"line":3,"column":13},"end":{"line":7,"column":2}}},"fnMap":{},"branchMap":{},"s":{"0":1,"1":1},"f":{},"b":{}}
,"/home/b4knamy/docker/oculos-de-fabrica-project/frontend/src/components/glasses/components/comments/comments.tsx": {"path":"/home/b4knamy/docker/oculos-de-fabrica-project/frontend/src/components/glasses/components/comments/comments.tsx","statementMap":{"0":{"start":{"line":11,"column":0},"end":{"line":11,"column":24}},"1":{"start":{"line":2,"column":0},"end":{"line":2,"column":74}},"2":{"start":{"line":3,"column":0},"end":{"line":3,"column":50}},"3":{"start":{"line":5,"column":0},"end":{"line":5,"column":77}},"4":{"start":{"line":6,"column":0},"end":{"line":6,"column":55}},"5":{"start":{"line":7,"column":0},"end":{"line":7,"column":45}},"6":{"start":{"line":12,"column":42},"end":{"line":16,"column":4}},"7":{"start":{"line":18,"column":2},"end":{"line":24,"column":21}},"8":{"start":{"line":19,"column":4},"end":{"line":23,"column":7}},"9":{"start":{"line":25,"column":2},"end":{"line":34,"column":4}},"10":{"start":{"line":37,"column":29},"end":{"line":46,"column":2}},"11":{"start":{"line":38,"column":48},"end":{"line":38,"column":63}},"12":{"start":{"line":40,"column":2},"end":{"line":45,"column":null}}},"fnMap":{"0":{"name":"Comments","decl":{"start":{"line":11,"column":24},"end":{"line":11,"column":32}},"loc":{"start":{"line":11,"column":65},"end":{"line":35,"column":1}}},"1":{"name":"(anonymous_2)","decl":{"start":{"line":18,"column":12},"end":{"line":18,"column":15}},"loc":{"start":{"line":18,"column":17},"end":{"line":24,"column":3}}},"2":{"name":"(anonymous_3)","decl":{"start":{"line":37,"column":34},"end":{"line":37,"column":35}},"loc":{"start":{"line":37,"column":71},"end":{"line":46,"column":1}}}},"branchMap":{"0":{"loc":{"start":{"line":43,"column":9},"end":{"line":43,"column":100}},"type":"binary-expr","locations":[{"start":{"line":43,"column":9},"end":{"line":43,"column":24}},{"start":{"line":43,"column":28},"end":{"line":43,"column":100}}]}},"s":{"0":1,"1":1,"2":1,"3":1,"4":1,"5":1,"6":2,"7":2,"8":1,"9":2,"10":1,"11":1,"12":1},"f":{"0":2,"1":1,"2":1},"b":{"0":[1,0]}}
,"/home/b4knamy/docker/oculos-de-fabrica-project/frontend/src/components/glasses/components/comments/setting.tsx": {"path":"/home/b4knamy/docker/oculos-de-fabrica-project/frontend/src/components/glasses/components/comments/setting.tsx","statementMap":{"0":{"start":{"line":6,"column":0},"end":{"line":6,"column":24}},"1":{"start":{"line":1,"column":0},"end":{"line":1,"column":59}},"2":{"start":{"line":2,"column":0},"end":{"line":2,"column":75}},"3":{"start":{"line":3,"column":0},"end":{"line":3,"column":82}},"4":{"start":{"line":4,"column":0},"end":{"line":4,"column":118}},"5":{"start":{"line":8,"column":36},"end":{"line":8,"column":51}},"6":{"start":{"line":9,"column":38},"end":{"line":9,"column":53}},"7":{"start":{"line":11,"column":27},"end":{"line":13,"column":3}},"8":{"start":{"line":12,"column":4},"end":{"line":12,"column":null}},"9":{"start":{"line":14,"column":2},"end":{"line":20,"column":3}},"10":{"start":{"line":15,"column":4},"end":{"line":19,"column":null}},"11":{"start":{"line":17,"column":8},"end":{"line":17,"column":null}},"12":{"start":{"line":22,"column":2},"end":{"line":31,"column":3}},"13":{"start":{"line":24,"column":4},"end":{"line":30,"column":null}},"14":{"start":{"line":27,"column":6},"end":{"line":27,"column":null}},"15":{"start":{"line":28,"column":6},"end":{"line":28,"column":null}},"16":{"start":{"line":33,"column":31},"end":{"line":47,"column":null}},"17":{"start":{"line":33,"column":42},"end":{"line":47,"column":null}},"18":{"start":{"line":34,"column":21},"end":{"line":42,"column":null}},"19":{"start":{"line":44,"column":4},"end":{"line":46,"column":5}},"20":{"start":{"line":45,"column":6},"end":{"line":45,"column":null}},"21":{"start":{"line":49,"column":2},"end":{"line":63,"column":null}}},"fnMap":{"0":{"name":"DeleteCommentOption","decl":{"start":{"line":6,"column":24},"end":{"line":6,"column":43}},"loc":{"start":{"line":6,"column":107},"end":{"line":64,"column":1}}},"1":{"name":"(anonymous_9)","decl":{"start":{"line":11,"column":27},"end":{"line":11,"column":30}},"loc":{"start":{"line":11,"column":32},"end":{"line":13,"column":3}}},"2":{"name":"(anonymous_10)","decl":{"start":{"line":16,"column":19},"end":{"line":16,"column":22}},"loc":{"start":{"line":16,"column":24},"end":{"line":18,"column":7}}},"3":{"name":"(anonymous_11)","decl":{"start":{"line":26,"column":13},"end":{"line":26,"column":16}},"loc":{"start":{"line":26,"column":18},"end":{"line":29,"column":5}}},"4":{"name":"(anonymous_12)","decl":{"start":{"line":33,"column":31},"end":{"line":33,"column":40}},"loc":{"start":{"line":33,"column":42},"end":{"line":47,"column":null}}},"5":{"name":"(anonymous_13)","decl":{"start":{"line":33,"column":42},"end":{"line":33,"column":null}},"loc":{"start":{"line":33,"column":42},"end":{"line":47,"column":3}}}},"branchMap":{"0":{"loc":{"start":{"line":14,"column":2},"end":{"line":20,"column":3}},"type":"if","locations":[{"start":{"line":14,"column":2},"end":{"line":20,"column":3}}]},"1":{"loc":{"start":{"line":22,"column":2},"end":{"line":31,"column":3}},"type":"if","locations":[{"start":{"line":22,"column":2},"end":{"line":31,"column":3}}]},"2":{"loc":{"start":{"line":44,"column":4},"end":{"line":46,"column":5}},"type":"if","locations":[{"start":{"line":44,"column":4},"end":{"line":46,"column":5}}]}},"s":{"0":1,"1":1,"2":1,"3":1,"4":1,"5":0,"6":0,"7":0,"8":0,"9":0,"10":0,"11":0,"12":0,"13":0,"14":0,"15":0,"16":0,"17":0,"18":0,"19":0,"20":0,"21":0},"f":{"0":0,"1":0,"2":0,"3":0,"4":0,"5":0},"b":{"0":[0],"1":[0],"2":[0]}}
,"/home/b4knamy/docker/oculos-de-fabrica-project/frontend/src/components/glasses/components/comments/components/comments/listcomment/helpers.ts": {"path":"/home/b4knamy/docker/oculos-de-fabrica-project/frontend/src/components/glasses/components/comments/components/comments/listcomment/helpers.ts","statementMap":{"0":{"start":{"line":4,"column":0},"end":{"line":4,"column":30}},"1":{"start":{"line":1,"column":0},"end":{"line":1,"column":84}},"2":{"start":{"line":10,"column":18},"end":{"line":10,"column":93}},"3":{"start":{"line":11,"column":19},"end":{"line":11,"column":39}},"4":{"start":{"line":13,"column":2},"end":{"line":15,"column":3}},"5":{"start":{"line":14,"column":4},"end":{"line":14,"column":null}},"6":{"start":{"line":17,"column":2},"end":{"line":17,"column":null}}},"fnMap":{"0":{"name":"fetchComments","decl":{"start":{"line":4,"column":30},"end":{"line":4,"column":43}},"loc":{"start":{"line":7,"column":17},"end":{"line":18,"column":null}}}},"branchMap":{"0":{"loc":{"start":{"line":13,"column":2},"end":{"line":15,"column":3}},"type":"if","locations":[{"start":{"line":13,"column":2},"end":{"line":15,"column":3}}]}},"s":{"0":1,"1":1,"2":1,"3":1,"4":0,"5":0,"6":0},"f":{"0":1},"b":{"0":[0]}}
,"/home/b4knamy/docker/oculos-de-fabrica-project/frontend/src/components/glasses/components/comments/components/comments/listcomment/listcomment.style.ts": {"path":"/home/b4knamy/docker/oculos-de-fabrica-project/frontend/src/components/glasses/components/comments/components/comments/listcomment/listcomment.style.ts","statementMap":{"0":{"start":{"line":1,"column":0},"end":{"line":1,"column":59}},"1":{"start":{"line":2,"column":0},"end":{"line":2,"column":null}},"2":{"start":{"line":8,"column":28},"end":{"line":19,"column":null}},"3":{"start":{"line":21,"column":19},"end":{"line":24,"column":2}},"4":{"start":{"line":26,"column":13},"end":{"line":32,"column":2}},"5":{"start":{"line":34,"column":13},"end":{"line":43,"column":2}},"6":{"start":{"line":45,"column":13},"end":{"line":52,"column":2}},"7":{"start":{"line":54,"column":13},"end":{"line":56,"column":2}},"8":{"start":{"line":58,"column":13},"end":{"line":74,"column":2}},"9":{"start":{"line":76,"column":13},"end":{"line":78,"column":2}},"10":{"start":{"line":79,"column":13},"end":{"line":93,"column":2}},"11":{"start":{"line":95,"column":13},"end":{"line":115,"column":2}},"12":{"start":{"line":102,"column":4},"end":{"line":102,"column":44}},"13":{"start":{"line":116,"column":13},"end":{"line":120,"column":2}},"14":{"start":{"line":122,"column":13},"end":{"line":132,"column":2}}},"fnMap":{"0":{"name":"(anonymous_6)","decl":{"start":{"line":101,"column":22},"end":{"line":101,"column":23}},"loc":{"start":{"line":101,"column":36},"end":{"line":103,"column":3}}}},"branchMap":{"0":{"loc":{"start":{"line":102,"column":11},"end":{"line":102,"column":43}},"type":"cond-expr","locations":[{"start":{"line":102,"column":28},"end":{"line":102,"column":38}},{"start":{"line":102,"column":41},"end":{"line":102,"column":43}}]}},"s":{"0":1,"1":1,"2":1,"3":1,"4":1,"5":1,"6":1,"7":1,"8":1,"9":1,"10":1,"11":1,"12":0,"13":1,"14":1},"f":{"0":0},"b":{"0":[0,0]}}
,"/home/b4knamy/docker/oculos-de-fabrica-project/frontend/src/components/glasses/components/comments/components/comments/listcomment/listcomments.tsx": {"path":"/home/b4knamy/docker/oculos-de-fabrica-project/frontend/src/components/glasses/components/comments/components/comments/listcomment/listcomments.tsx","statementMap":{"0":{"start":{"line":22,"column":0},"end":{"line":22,"column":24}},"1":{"start":{"line":1,"column":0},"end":{"line":1,"column":null}},"2":{"start":{"line":12,"column":0},"end":{"line":12,"column":53}},"3":{"start":{"line":13,"column":0},"end":{"line":13,"column":84}},"4":{"start":{"line":15,"column":0},"end":{"line":15,"column":80}},"5":{"start":{"line":16,"column":0},"end":{"line":16,"column":69}},"6":{"start":{"line":17,"column":0},"end":{"line":17,"column":86}},"7":{"start":{"line":18,"column":0},"end":{"line":18,"column":51}},"8":{"start":{"line":19,"column":0},"end":{"line":19,"column":38}},"9":{"start":{"line":20,"column":0},"end":{"line":20,"column":49}},"10":{"start":{"line":31,"column":36},"end":{"line":31,"column":50}},"11":{"start":{"line":32,"column":19},"end":{"line":32,"column":35}},"12":{"start":{"line":33,"column":39},"end":{"line":33,"column":51}},"13":{"start":{"line":34,"column":19},"end":{"line":34,"column":60}},"14":{"start":{"line":35,"column":2},"end":{"line":38,"column":null}},"15":{"start":{"line":36,"column":4},"end":{"line":36,"column":null}},"16":{"start":{"line":39,"column":22},"end":{"line":58,"column":null}},"17":{"start":{"line":39,"column":33},"end":{"line":58,"column":null}},"18":{"start":{"line":40,"column":4},"end":{"line":57,"column":5}},"19":{"start":{"line":41,"column":6},"end":{"line":41,"column":null}},"20":{"start":{"line":42,"column":30},"end":{"line":42,"column":74}},"21":{"start":{"line":43,"column":6},"end":{"line":50,"column":7}},"22":{"start":{"line":44,"column":39},"end":{"line":44,"column":54}},"23":{"start":{"line":46,"column":8},"end":{"line":49,"column":null}},"24":{"start":{"line":47,"column":34},"end":{"line":47,"column":69}},"25":{"start":{"line":48,"column":10},"end":{"line":48,"column":67}},"26":{"start":{"line":52,"column":6},"end":{"line":54,"column":7}},"27":{"start":{"line":53,"column":8},"end":{"line":53,"column":null}},"28":{"start":{"line":56,"column":6},"end":{"line":56,"column":null}},"29":{"start":{"line":60,"column":2},"end":{"line":88,"column":4}},"30":{"start":{"line":68,"column":14},"end":{"line":68,"column":98}},"31":{"start":{"line":103,"column":36},"end":{"line":103,"column":51}},"32":{"start":{"line":105,"column":2},"end":{"line":105,"column":29}},"33":{"start":{"line":105,"column":17},"end":{"line":105,"column":29}},"34":{"start":{"line":107,"column":31},"end":{"line":107,"column":52}},"35":{"start":{"line":109,"column":2},"end":{"line":170,"column":4}},"36":{"start":{"line":115,"column":12},"end":{"line":122,"column":14}},"37":{"start":{"line":157,"column":12},"end":{"line":163,"column":14}}},"fnMap":{"0":{"name":"ListComments","decl":{"start":{"line":22,"column":24},"end":{"line":22,"column":36}},"loc":{"start":{"line":30,"column":1},"end":{"line":89,"column":1}}},"1":{"name":"(anonymous_9)","decl":{"start":{"line":35,"column":12},"end":{"line":35,"column":15}},"loc":{"start":{"line":35,"column":17},"end":{"line":38,"column":3}}},"2":{"name":"(anonymous_10)","decl":{"start":{"line":39,"column":22},"end":{"line":39,"column":31}},"loc":{"start":{"line":39,"column":33},"end":{"line":58,"column":null}}},"3":{"name":"(anonymous_11)","decl":{"start":{"line":39,"column":33},"end":{"line":39,"column":null}},"loc":{"start":{"line":39,"column":33},"end":{"line":58,"column":3}}},"4":{"name":"(anonymous_12)","decl":{"start":{"line":46,"column":24},"end":{"line":46,"column":25}},"loc":{"start":{"line":46,"column":33},"end":{"line":49,"column":9}}},"5":{"name":"(anonymous_13)","decl":{"start":{"line":67,"column":26},"end":{"line":67,"column":27}},"loc":{"start":{"line":67,"column":38},"end":{"line":69,"column":13}}},"6":{"name":"ListComment","decl":{"start":{"line":91,"column":9},"end":{"line":91,"column":20}},"loc":{"start":{"line":102,"column":18},"end":{"line":171,"column":1}}},"7":{"name":"(anonymous_15)","decl":{"start":{"line":114,"column":21},"end":{"line":114,"column":22}},"loc":{"start":{"line":114,"column":30},"end":{"line":123,"column":11}}},"8":{"name":"(anonymous_16)","decl":{"start":{"line":155,"column":31},"end":{"line":155,"column":32}},"loc":{"start":{"line":155,"column":48},"end":{"line":164,"column":11}}}},"branchMap":{"0":{"loc":{"start":{"line":34,"column":29},"end":{"line":34,"column":59}},"type":"binary-expr","locations":[{"start":{"line":34,"column":29},"end":{"line":34,"column":54}},{"start":{"line":34,"column":58},"end":{"line":34,"column":59}}]},"1":{"loc":{"start":{"line":43,"column":6},"end":{"line":50,"column":7}},"type":"if","locations":[{"start":{"line":43,"column":6},"end":{"line":50,"column":7}}]},"2":{"loc":{"start":{"line":52,"column":6},"end":{"line":54,"column":7}},"type":"if","locations":[{"start":{"line":52,"column":6},"end":{"line":54,"column":7}}]},"3":{"loc":{"start":{"line":63,"column":8},"end":{"line":84,"column":13}},"type":"cond-expr","locations":[{"start":{"line":64,"column":10},"end":{"line":81,"column":null}},{"start":{"line":84,"column":8},"end":{"line":84,"column":13}}]},"4":{"loc":{"start":{"line":72,"column":14},"end":{"line":78,"column":61}},"type":"cond-expr","locations":[{"start":{"line":74,"column":14},"end":{"line":74,"column":46}},{"start":{"line":76,"column":14},"end":{"line":78,"column":61}}]},"5":{"loc":{"start":{"line":76,"column":14},"end":{"line":78,"column":61}},"type":"binary-expr","locations":[{"start":{"line":76,"column":14},"end":{"line":76,"column":31}},{"start":{"line":78,"column":14},"end":{"line":78,"column":61}}]},"6":{"loc":{"start":{"line":105,"column":2},"end":{"line":105,"column":29}},"type":"if","locations":[{"start":{"line":105,"column":2},"end":{"line":105,"column":29}}]},"7":{"loc":{"start":{"line":119,"column":19},"end":{"line":119,"column":60}},"type":"cond-expr","locations":[{"start":{"line":119,"column":35},"end":{"line":119,"column":47}},{"start":{"line":119,"column":50},"end":{"line":119,"column":60}}]},"8":{"loc":{"start":{"line":131,"column":9},"end":{"line":139,"column":null}},"type":"cond-expr","locations":[{"start":{"line":132,"column":10},"end":{"line":136,"column":null}},{"start":{"line":139,"column":10},"end":{"line":139,"column":12}}]},"9":{"loc":{"start":{"line":131,"column":9},"end":{"line":131,"column":29}},"type":"cond-expr","locations":[{"start":{"line":131,"column":25},"end":{"line":131,"column":27}},{"start":{"line":131,"column":25},"end":{"line":131,"column":29}}]},"10":{"loc":{"start":{"line":131,"column":9},"end":{"line":131,"column":27}},"type":"binary-expr","locations":[{"start":{"line":131,"column":9},"end":{"line":131,"column":27}},{"start":{"line":131,"column":25},"end":{"line":131,"column":27}}]},"11":{"loc":{"start":{"line":135,"column":19},"end":{"line":135,"column":51}},"type":"binary-expr","locations":[{"start":{"line":135,"column":19},"end":{"line":135,"column":45}},{"start":{"line":135,"column":49},"end":{"line":135,"column":51}}]},"12":{"loc":{"start":{"line":135,"column":19},"end":{"line":135,"column":45}},"type":"cond-expr","locations":[{"start":{"line":135,"column":37},"end":{"line":135,"column":39}},{"start":{"line":135,"column":37},"end":{"line":135,"column":45}}]},"13":{"loc":{"start":{"line":135,"column":19},"end":{"line":135,"column":39}},"type":"binary-expr","locations":[{"start":{"line":135,"column":19},"end":{"line":135,"column":39}},{"start":{"line":135,"column":37},"end":{"line":135,"column":39}}]},"14":{"loc":{"start":{"line":135,"column":19},"end":{"line":135,"column":37}},"type":"cond-expr","locations":[{"start":{"line":135,"column":30},"end":{"line":135,"column":32}},{"start":{"line":135,"column":19},"end":{"line":135,"column":37}}]},"15":{"loc":{"start":{"line":135,"column":19},"end":{"line":135,"column":32}},"type":"binary-expr","locations":[{"start":{"line":135,"column":19},"end":{"line":135,"column":32}},{"start":{"line":135,"column":19},"end":{"line":135,"column":32}}]},"16":{"loc":{"start":{"line":152,"column":6},"end":{"line":167,"column":13}},"type":"cond-expr","locations":[{"start":{"line":154,"column":8},"end":{"line":164,"column":null}},{"start":{"line":167,"column":8},"end":{"line":167,"column":13}}]}},"s":{"0":1,"1":1,"2":1,"3":1,"4":1,"5":1,"6":1,"7":1,"8":1,"9":1,"10":2,"11":2,"12":2,"13":2,"14":2,"15":1,"16":2,"17":1,"18":1,"19":1,"20":1,"21":0,"22":0,"23":0,"24":0,"25":0,"26":0,"27":0,"28":0,"29":2,"30":0,"31":0,"32":0,"33":0,"34":0,"35":0,"36":0,"37":0},"f":{"0":2,"1":1,"2":1,"3":1,"4":0,"5":0,"6":0,"7":0,"8":0},"b":{"0":[2,0],"1":[0],"2":[0],"3":[0,2],"4":[0,0],"5":[0,0],"6":[0],"7":[0,0],"8":[0,0],"9":[0,0],"10":[0,0],"11":[0,0],"12":[0,0],"13":[0,0],"14":[0,0],"15":[0,0],"16":[0,0]}}
,"/home/b4knamy/docker/oculos-de-fabrica-project/frontend/src/components/glasses/components/comments/components/filters/filter.style.ts": {"path":"/home/b4knamy/docker/oculos-de-fabrica-project/frontend/src/components/glasses/components/comments/components/filters/filter.style.ts","statementMap":{"0":{"start":{"line":1,"column":0},"end":{"line":1,"column":39}},"1":{"start":{"line":3,"column":13},"end":{"line":5,"column":2}},"2":{"start":{"line":7,"column":13},"end":{"line":27,"column":2}}},"fnMap":{},"branchMap":{},"s":{"0":1,"1":1,"2":1},"f":{},"b":{}}
,"/home/b4knamy/docker/oculos-de-fabrica-project/frontend/src/components/glasses/components/comments/components/filters/filter.tsx": {"path":"/home/b4knamy/docker/oculos-de-fabrica-project/frontend/src/components/glasses/components/comments/components/filters/filter.tsx","statementMap":{"0":{"start":{"line":1,"column":0},"end":{"line":1,"column":57}},"1":{"start":{"line":2,"column":0},"end":{"line":2,"column":51}},"2":{"start":{"line":10,"column":22},"end":{"line":36,"column":1}},"3":{"start":{"line":13,"column":2},"end":{"line":13,"column":null}},"4":{"start":{"line":14,"column":2},"end":{"line":35,"column":4}},"5":{"start":{"line":18,"column":10},"end":{"line":24,"column":11}},"6":{"start":{"line":20,"column":12},"end":{"line":20,"column":null}},"7":{"start":{"line":21,"column":12},"end":{"line":23,"column":null}},"8":{"start":{"line":22,"column":14},"end":{"line":22,"column":69}},"9":{"start":{"line":40,"column":0},"end":{"line":40,"column":null}}},"fnMap":{"0":{"name":"(anonymous_0)","decl":{"start":{"line":10,"column":22},"end":{"line":10,"column":null}},"loc":{"start":{"line":12,"column":4},"end":{"line":36,"column":1}}},"1":{"name":"(anonymous_1)","decl":{"start":{"line":17,"column":62},"end":{"line":17,"column":63}},"loc":{"start":{"line":17,"column":68},"end":{"line":25,"column":9}}},"2":{"name":"(anonymous_2)","decl":{"start":{"line":21,"column":28},"end":{"line":21,"column":29}},"loc":{"start":{"line":21,"column":37},"end":{"line":23,"column":13}}}},"branchMap":{"0":{"loc":{"start":{"line":18,"column":10},"end":{"line":24,"column":11}},"type":"if","locations":[{"start":{"line":18,"column":10},"end":{"line":24,"column":11}}]},"1":{"loc":{"start":{"line":18,"column":14},"end":{"line":18,"column":78}},"type":"binary-expr","locations":[{"start":{"line":18,"column":14},"end":{"line":18,"column":51}},{"start":{"line":18,"column":55},"end":{"line":18,"column":78}}]}},"s":{"0":1,"1":1,"2":1,"3":0,"4":0,"5":0,"6":0,"7":0,"8":0,"9":1},"f":{"0":0,"1":0,"2":0},"b":{"0":[0],"1":[0,0]}}
,"/home/b4knamy/docker/oculos-de-fabrica-project/frontend/src/components/glasses/components/comments/components/makecomment/helpers.ts": {"path":"/home/b4knamy/docker/oculos-de-fabrica-project/frontend/src/components/glasses/components/comments/components/makecomment/helpers.ts","statementMap":{"0":{"start":{"line":59,"column":0},"end":{"line":59,"column":16}},"1":{"start":{"line":127,"column":0},"end":{"line":127,"column":16}},"2":{"start":{"line":148,"column":0},"end":{"line":148,"column":22}},"3":{"start":{"line":197,"column":0},"end":{"line":197,"column":16}},"4":{"start":{"line":276,"column":0},"end":{"line":276,"column":16}},"5":{"start":{"line":2,"column":0},"end":{"line":2,"column":null}},"6":{"start":{"line":8,"column":0},"end":{"line":8,"column":71}},"7":{"start":{"line":23,"column":0},"end":{"line":23,"column":77}},"8":{"start":{"line":24,"column":0},"end":{"line":24,"column":133}},"9":{"start":{"line":25,"column":0},"end":{"line":25,"column":84}},"10":{"start":{"line":27,"column":27},"end":{"line":57,"column":1}},"11":{"start":{"line":33,"column":2},"end":{"line":56,"column":3}},"12":{"start":{"line":34,"column":27},"end":{"line":34,"column":41}},"13":{"start":{"line":35,"column":4},"end":{"line":35,"column":49}},"14":{"start":{"line":36,"column":4},"end":{"line":36,"column":43}},"15":{"start":{"line":37,"column":4},"end":{"line":37,"column":37}},"16":{"start":{"line":38,"column":4},"end":{"line":38,"column":50}},"17":{"start":{"line":39,"column":4},"end":{"line":39,"column":37}},"18":{"start":{"line":40,"column":4},"end":{"line":40,"column":35}},"19":{"start":{"line":41,"column":4},"end":{"line":43,"column":5}},"20":{"start":{"line":41,"column":17},"end":{"line":41,"column":18}},"21":{"start":{"line":42,"column":6},"end":{"line":42,"column":38}},"22":{"start":{"line":44,"column":4},"end":{"line":44,"column":16}},"23":{"start":{"line":46,"column":34},"end":{"line":53,"column":6}},"24":{"start":{"line":55,"column":4},"end":{"line":55,"column":16}},"25":{"start":{"line":27,"column":13},"end":{"line":27,"column":27}},"26":{"start":{"line":63,"column":53},"end":{"line":63,"column":57}},"27":{"start":{"line":65,"column":59},"end":{"line":65,"column":61}},"28":{"start":{"line":67,"column":2},"end":{"line":78,"column":3}},"29":{"start":{"line":68,"column":23},"end":{"line":68,"column":45}},"30":{"start":{"line":69,"column":4},"end":{"line":76,"column":5}},"31":{"start":{"line":74,"column":6},"end":{"line":74,"column":71}},"32":{"start":{"line":75,"column":6},"end":{"line":75,"column":19}},"33":{"start":{"line":77,"column":4},"end":{"line":77,"column":43}},"34":{"start":{"line":80,"column":2},"end":{"line":88,"column":3}},"35":{"start":{"line":81,"column":25},"end":{"line":81,"column":72}},"36":{"start":{"line":82,"column":24},"end":{"line":82,"column":44}},"37":{"start":{"line":83,"column":4},"end":{"line":86,"column":5}},"38":{"start":{"line":84,"column":6},"end":{"line":84,"column":72}},"39":{"start":{"line":85,"column":6},"end":{"line":85,"column":19}},"40":{"start":{"line":87,"column":4},"end":{"line":87,"column":66}},"41":{"start":{"line":90,"column":2},"end":{"line":97,"column":3}},"42":{"start":{"line":91,"column":23},"end":{"line":91,"column":45}},"43":{"start":{"line":92,"column":4},"end":{"line":95,"column":5}},"44":{"start":{"line":93,"column":6},"end":{"line":93,"column":65}},"45":{"start":{"line":94,"column":6},"end":{"line":94,"column":19}},"46":{"start":{"line":96,"column":4},"end":{"line":96,"column":43}},"47":{"start":{"line":99,"column":2},"end":{"line":106,"column":3}},"48":{"start":{"line":100,"column":22},"end":{"line":100,"column":43}},"49":{"start":{"line":101,"column":4},"end":{"line":104,"column":5}},"50":{"start":{"line":102,"column":6},"end":{"line":102,"column":64}},"51":{"start":{"line":103,"column":6},"end":{"line":103,"column":19}},"52":{"start":{"line":105,"column":4},"end":{"line":105,"column":41}},"53":{"start":{"line":107,"column":2},"end":{"line":120,"column":3}},"54":{"start":{"line":113,"column":43},"end":{"line":118,"column":6}},"55":{"start":{"line":119,"column":4},"end":{"line":119,"column":16}},"56":{"start":{"line":121,"column":2},"end":{"line":121,"column":32}},"57":{"start":{"line":122,"column":2},"end":{"line":122,"column":106}},"58":{"start":{"line":124,"column":2},"end":{"line":124,"column":15}},"59":{"start":{"line":134,"column":38},"end":{"line":134,"column":44}},"60":{"start":{"line":136,"column":2},"end":{"line":143,"column":3}},"61":{"start":{"line":137,"column":4},"end":{"line":142,"column":5}},"62":{"start":{"line":138,"column":6},"end":{"line":138,"column":27}},"63":{"start":{"line":139,"column":6},"end":{"line":139,"column":79}},"64":{"start":{"line":141,"column":6},"end":{"line":141,"column":56}},"65":{"start":{"line":145,"column":2},"end":{"line":145,"column":50}},"66":{"start":{"line":155,"column":32},"end":{"line":159,"column":null}},"67":{"start":{"line":161,"column":19},"end":{"line":165,"column":null}},"68":{"start":{"line":170,"column":2},"end":{"line":188,"column":3}},"69":{"start":{"line":171,"column":21},"end":{"line":171,"column":45}},"70":{"start":{"line":173,"column":4},"end":{"line":185,"column":5}},"71":{"start":{"line":174,"column":24},"end":{"line":178,"column":null}},"72":{"start":{"line":180,"column":6},"end":{"line":184,"column":7}},"73":{"start":{"line":181,"column":8},"end":{"line":181,"column":null}},"74":{"start":{"line":182,"column":8},"end":{"line":182,"column":43}},"75":{"start":{"line":183,"column":8},"end":{"line":183,"column":25}},"76":{"start":{"line":186,"column":4},"end":{"line":186,"column":82}},"77":{"start":{"line":190,"column":2},"end":{"line":192,"column":3}},"78":{"start":{"line":191,"column":4},"end":{"line":191,"column":75}},"79":{"start":{"line":194,"column":2},"end":{"line":194,"column":18}},"80":{"start":{"line":204,"column":21},"end":{"line":204,"column":71}},"81":{"start":{"line":206,"column":2},"end":{"line":210,"column":5}},"82":{"start":{"line":207,"column":25},"end":{"line":207,"column":59}},"83":{"start":{"line":209,"column":4},"end":{"line":209,"column":47}},"84":{"start":{"line":219,"column":20},"end":{"line":221,"column":35}},"85":{"start":{"line":222,"column":35},"end":{"line":239,"column":4}},"86":{"start":{"line":240,"column":2},"end":{"line":240,"column":47}},"87":{"start":{"line":241,"column":2},"end":{"line":241,"column":20}},"88":{"start":{"line":245,"column":14},"end":{"line":245,"column":24}},"89":{"start":{"line":248,"column":16},"end":{"line":248,"column":55}},"90":{"start":{"line":249,"column":18},"end":{"line":249,"column":59}},"91":{"start":{"line":252,"column":14},"end":{"line":252,"column":52}},"92":{"start":{"line":253,"column":16},"end":{"line":253,"column":59}},"93":{"start":{"line":254,"column":15},"end":{"line":254,"column":32}},"94":{"start":{"line":257,"column":24},"end":{"line":257,"column":76}},"95":{"start":{"line":259,"column":2},"end":{"line":259,"column":23}},"96":{"start":{"line":262,"column":2},"end":{"line":271,"column":3}},"97":{"start":{"line":263,"column":22},"end":{"line":263,"column":45}},"98":{"start":{"line":264,"column":4},"end":{"line":270,"column":7}},"99":{"start":{"line":265,"column":6},"end":{"line":269,"column":8}},"100":{"start":{"line":273,"column":2},"end":{"line":273,"column":14}},"101":{"start":{"line":280,"column":41},"end":{"line":286,"column":4}},"102":{"start":{"line":287,"column":2},"end":{"line":287,"column":29}},"103":{"start":{"line":288,"column":2},"end":{"line":290,"column":5}},"104":{"start":{"line":289,"column":4},"end":{"line":289,"column":51}}},"fnMap":{"0":{"name":"(anonymous_8)","decl":{"start":{"line":27,"column":27},"end":{"line":27,"column":null}},"loc":{"start":{"line":32,"column":44},"end":{"line":57,"column":1}}},"1":{"name":"formValidator","decl":{"start":{"line":59,"column":16},"end":{"line":59,"column":29}},"loc":{"start":{"line":61,"column":61},"end":{"line":125,"column":1}}},"2":{"name":"CommentFormResolver","decl":{"start":{"line":127,"column":16},"end":{"line":127,"column":35}},"loc":{"start":{"line":131,"column":52},"end":{"line":146,"column":1}}},"3":{"name":"performPostComment","decl":{"start":{"line":148,"column":22},"end":{"line":148,"column":40}},"loc":{"start":{"line":153,"column":52},"end":{"line":195,"column":null}}},"4":{"name":"performAddCommentCreated","decl":{"start":{"line":197,"column":16},"end":{"line":197,"column":40}},"loc":{"start":{"line":202,"column":32},"end":{"line":211,"column":1}}},"5":{"name":"(anonymous_14)","decl":{"start":{"line":206,"column":18},"end":{"line":206,"column":19}},"loc":{"start":{"line":206,"column":27},"end":{"line":210,"column":3}}},"6":{"name":"createCommentObj","decl":{"start":{"line":213,"column":9},"end":{"line":213,"column":25}},"loc":{"start":{"line":217,"column":32},"end":{"line":242,"column":1}}},"7":{"name":"commentCreatedAt","decl":{"start":{"line":244,"column":9},"end":{"line":244,"column":25}},"loc":{"start":{"line":244,"column":25},"end":{"line":260,"column":1}}},"8":{"name":"createImagesCommentObj","decl":{"start":{"line":261,"column":9},"end":{"line":261,"column":31}},"loc":{"start":{"line":261,"column":62},"end":{"line":274,"column":1}}},"9":{"name":"(anonymous_18)","decl":{"start":{"line":264,"column":25},"end":{"line":264,"column":26}},"loc":{"start":{"line":264,"column":42},"end":{"line":270,"column":5}}},"10":{"name":"performSaveCurrentCommentDataIfFails","decl":{"start":{"line":276,"column":16},"end":{"line":276,"column":52}},"loc":{"start":{"line":278,"column":55},"end":{"line":291,"column":1}}},"11":{"name":"(anonymous_20)","decl":{"start":{"line":288,"column":13},"end":{"line":288,"column":14}},"loc":{"start":{"line":288,"column":22},"end":{"line":290,"column":3}}}},"branchMap":{"0":{"loc":{"start":{"line":31,"column":2},"end":{"line":31,"column":31}},"type":"default-arg","locations":[{"start":{"line":31,"column":27},"end":{"line":31,"column":31}}]},"1":{"loc":{"start":{"line":33,"column":2},"end":{"line":56,"column":3}},"type":"if","locations":[{"start":{"line":33,"column":2},"end":{"line":56,"column":3}},{"start":{"line":45,"column":9},"end":{"line":56,"column":3}}]},"2":{"loc":{"start":{"line":67,"column":2},"end":{"line":78,"column":3}},"type":"if","locations":[{"start":{"line":67,"column":2},"end":{"line":78,"column":3}}]},"3":{"loc":{"start":{"line":69,"column":4},"end":{"line":76,"column":5}},"type":"if","locations":[{"start":{"line":69,"column":4},"end":{"line":76,"column":5}}]},"4":{"loc":{"start":{"line":70,"column":6},"end":{"line":72,"column":36}},"type":"binary-expr","locations":[{"start":{"line":70,"column":6},"end":{"line":70,"column":30}},{"start":{"line":71,"column":6},"end":{"line":71,"column":29}},{"start":{"line":72,"column":6},"end":{"line":72,"column":36}}]},"5":{"loc":{"start":{"line":80,"column":2},"end":{"line":88,"column":3}},"type":"if","locations":[{"start":{"line":80,"column":2},"end":{"line":88,"column":3}}]},"6":{"loc":{"start":{"line":83,"column":4},"end":{"line":86,"column":5}},"type":"if","locations":[{"start":{"line":83,"column":4},"end":{"line":86,"column":5}}]},"7":{"loc":{"start":{"line":83,"column":8},"end":{"line":83,"column":70}},"type":"binary-expr","locations":[{"start":{"line":83,"column":8},"end":{"line":83,"column":29}},{"start":{"line":83,"column":34},"end":{"line":83,"column":50}},{"start":{"line":83,"column":54},"end":{"line":83,"column":69}}]},"8":{"loc":{"start":{"line":90,"column":2},"end":{"line":97,"column":3}},"type":"if","locations":[{"start":{"line":90,"column":2},"end":{"line":97,"column":3}}]},"9":{"loc":{"start":{"line":92,"column":4},"end":{"line":95,"column":5}},"type":"if","locations":[{"start":{"line":92,"column":4},"end":{"line":95,"column":5}}]},"10":{"loc":{"start":{"line":92,"column":8},"end":{"line":92,"column":59}},"type":"binary-expr","locations":[{"start":{"line":92,"column":8},"end":{"line":92,"column":25}},{"start":{"line":92,"column":29},"end":{"line":92,"column":59}}]},"11":{"loc":{"start":{"line":99,"column":2},"end":{"line":106,"column":3}},"type":"if","locations":[{"start":{"line":99,"column":2},"end":{"line":106,"column":3}}]},"12":{"loc":{"start":{"line":101,"column":4},"end":{"line":104,"column":5}},"type":"if","locations":[{"start":{"line":101,"column":4},"end":{"line":104,"column":5}}]},"13":{"loc":{"start":{"line":101,"column":8},"end":{"line":101,"column":57}},"type":"binary-expr","locations":[{"start":{"line":101,"column":8},"end":{"line":101,"column":24}},{"start":{"line":101,"column":28},"end":{"line":101,"column":57}}]},"14":{"loc":{"start":{"line":107,"column":2},"end":{"line":120,"column":3}},"type":"if","locations":[{"start":{"line":107,"column":2},"end":{"line":120,"column":3}}]},"15":{"loc":{"start":{"line":108,"column":4},"end":{"line":111,"column":27}},"type":"binary-expr","locations":[{"start":{"line":108,"column":4},"end":{"line":108,"column":26}},{"start":{"line":109,"column":4},"end":{"line":109,"column":26}},{"start":{"line":110,"column":4},"end":{"line":110,"column":25}},{"start":{"line":111,"column":4},"end":{"line":111,"column":27}}]},"16":{"loc":{"start":{"line":136,"column":2},"end":{"line":143,"column":3}},"type":"if","locations":[{"start":{"line":136,"column":2},"end":{"line":143,"column":3}}]},"17":{"loc":{"start":{"line":137,"column":4},"end":{"line":142,"column":5}},"type":"if","locations":[{"start":{"line":137,"column":4},"end":{"line":142,"column":5}},{"start":{"line":140,"column":11},"end":{"line":142,"column":5}}]},"18":{"loc":{"start":{"line":137,"column":8},"end":{"line":137,"column":38}},"type":"cond-expr","locations":[{"start":{"line":137,"column":30},"end":{"line":137,"column":32}},{"start":{"line":137,"column":30},"end":{"line":137,"column":38}}]},"19":{"loc":{"start":{"line":137,"column":8},"end":{"line":137,"column":32}},"type":"binary-expr","locations":[{"start":{"line":137,"column":8},"end":{"line":137,"column":32}},{"start":{"line":137,"column":30},"end":{"line":137,"column":32}}]},"20":{"loc":{"start":{"line":137,"column":8},"end":{"line":137,"column":30}},"type":"cond-expr","locations":[{"start":{"line":137,"column":23},"end":{"line":137,"column":25}},{"start":{"line":137,"column":23},"end":{"line":137,"column":30}}]},"21":{"loc":{"start":{"line":137,"column":8},"end":{"line":137,"column":25}},"type":"binary-expr","locations":[{"start":{"line":137,"column":8},"end":{"line":137,"column":25}},{"start":{"line":137,"column":23},"end":{"line":137,"column":25}}]},"22":{"loc":{"start":{"line":164,"column":4},"end":{"line":164,"column":33}},"type":"binary-expr","locations":[{"start":{"line":164,"column":4},"end":{"line":164,"column":27}},{"start":{"line":164,"column":31},"end":{"line":164,"column":33}}]},"23":{"loc":{"start":{"line":164,"column":4},"end":{"line":164,"column":27}},"type":"cond-expr","locations":[{"start":{"line":164,"column":19},"end":{"line":164,"column":21}},{"start":{"line":164,"column":19},"end":{"line":164,"column":27}}]},"24":{"loc":{"start":{"line":164,"column":4},"end":{"line":164,"column":21}},"type":"binary-expr","locations":[{"start":{"line":164,"column":4},"end":{"line":164,"column":21}},{"start":{"line":164,"column":19},"end":{"line":164,"column":21}}]},"25":{"loc":{"start":{"line":170,"column":2},"end":{"line":188,"column":3}},"type":"if","locations":[{"start":{"line":170,"column":2},"end":{"line":188,"column":3}}]},"26":{"loc":{"start":{"line":173,"column":4},"end":{"line":185,"column":5}},"type":"if","locations":[{"start":{"line":173,"column":4},"end":{"line":185,"column":5}}]},"27":{"loc":{"start":{"line":180,"column":6},"end":{"line":184,"column":7}},"type":"if","locations":[{"start":{"line":180,"column":6},"end":{"line":184,"column":7}}]},"28":{"loc":{"start":{"line":190,"column":2},"end":{"line":192,"column":3}},"type":"if","locations":[{"start":{"line":190,"column":2},"end":{"line":192,"column":3}}]},"29":{"loc":{"start":{"line":219,"column":20},"end":{"line":221,"column":35}},"type":"binary-expr","locations":[{"start":{"line":219,"column":20},"end":{"line":221,"column":29}},{"start":{"line":221,"column":33},"end":{"line":221,"column":35}}]},"30":{"loc":{"start":{"line":219,"column":20},"end":{"line":221,"column":29}},"type":"cond-expr","locations":[{"start":{"line":220,"column":66},"end":{"line":220,"column":null}},{"start":{"line":220,"column":66},"end":{"line":221,"column":29}}]},"31":{"loc":{"start":{"line":219,"column":20},"end":{"line":220,"column":null}},"type":"binary-expr","locations":[{"start":{"line":219,"column":20},"end":{"line":220,"column":null}},{"start":{"line":220,"column":66},"end":{"line":220,"column":null}}]},"32":{"loc":{"start":{"line":262,"column":2},"end":{"line":271,"column":3}},"type":"if","locations":[{"start":{"line":262,"column":2},"end":{"line":271,"column":3}}]},"33":{"loc":{"start":{"line":262,"column":6},"end":{"line":262,"column":74}},"type":"binary-expr","locations":[{"start":{"line":262,"column":6},"end":{"line":262,"column":39}},{"start":{"line":262,"column":43},"end":{"line":262,"column":74}}]},"34":{"loc":{"start":{"line":281,"column":11},"end":{"line":281,"column":52}},"type":"cond-expr","locations":[{"start":{"line":281,"column":39},"end":{"line":281,"column":43}},{"start":{"line":281,"column":43},"end":{"line":281,"column":52}}]},"35":{"loc":{"start":{"line":281,"column":11},"end":{"line":281,"column":43}},"type":"binary-expr","locations":[{"start":{"line":281,"column":11},"end":{"line":281,"column":43}},{"start":{"line":281,"column":39},"end":{"line":281,"column":43}}]},"36":{"loc":{"start":{"line":281,"column":11},"end":{"line":281,"column":39}},"type":"cond-expr","locations":[{"start":{"line":281,"column":32},"end":{"line":281,"column":34}},{"start":{"line":281,"column":32},"end":{"line":281,"column":39}}]},"37":{"loc":{"start":{"line":281,"column":11},"end":{"line":281,"column":34}},"type":"binary-expr","locations":[{"start":{"line":281,"column":11},"end":{"line":281,"column":34}},{"start":{"line":281,"column":32},"end":{"line":281,"column":34}}]},"38":{"loc":{"start":{"line":283,"column":6},"end":{"line":283,"column":75}},"type":"binary-expr","locations":[{"start":{"line":283,"column":6},"end":{"line":283,"column":67}},{"start":{"line":283,"column":71},"end":{"line":283,"column":75}}]},"39":{"loc":{"start":{"line":283,"column":13},"end":{"line":283,"column":66}},"type":"cond-expr","locations":[{"start":{"line":283,"column":35},"end":{"line":283,"column":37}},{"start":{"line":283,"column":35},"end":{"line":283,"column":66}}]},"40":{"loc":{"start":{"line":283,"column":13},"end":{"line":283,"column":37}},"type":"binary-expr","locations":[{"start":{"line":283,"column":13},"end":{"line":283,"column":37}},{"start":{"line":283,"column":35},"end":{"line":283,"column":37}}]},"41":{"loc":{"start":{"line":284,"column":11},"end":{"line":284,"column":45}},"type":"cond-expr","locations":[{"start":{"line":284,"column":39},"end":{"line":284,"column":43}},{"start":{"line":284,"column":43},"end":{"line":284,"column":45}}]},"42":{"loc":{"start":{"line":284,"column":11},"end":{"line":284,"column":43}},"type":"binary-expr","locations":[{"start":{"line":284,"column":11},"end":{"line":284,"column":43}},{"start":{"line":284,"column":39},"end":{"line":284,"column":43}}]},"43":{"loc":{"start":{"line":284,"column":11},"end":{"line":284,"column":39}},"type":"cond-expr","locations":[{"start":{"line":284,"column":32},"end":{"line":284,"column":34}},{"start":{"line":284,"column":32},"end":{"line":284,"column":39}}]},"44":{"loc":{"start":{"line":284,"column":11},"end":{"line":284,"column":34}},"type":"binary-expr","locations":[{"start":{"line":284,"column":11},"end":{"line":284,"column":34}},{"start":{"line":284,"column":32},"end":{"line":284,"column":34}}]},"45":{"loc":{"start":{"line":285,"column":10},"end":{"line":285,"column":43}},"type":"cond-expr","locations":[{"start":{"line":285,"column":37},"end":{"line":285,"column":41}},{"start":{"line":285,"column":41},"end":{"line":285,"column":43}}]},"46":{"loc":{"start":{"line":285,"column":10},"end":{"line":285,"column":41}},"type":"binary-expr","locations":[{"start":{"line":285,"column":10},"end":{"line":285,"column":41}},{"start":{"line":285,"column":37},"end":{"line":285,"column":41}}]},"47":{"loc":{"start":{"line":285,"column":10},"end":{"line":285,"column":37}},"type":"cond-expr","locations":[{"start":{"line":285,"column":30},"end":{"line":285,"column":32}},{"start":{"line":285,"column":30},"end":{"line":285,"column":37}}]},"48":{"loc":{"start":{"line":285,"column":10},"end":{"line":285,"column":32}},"type":"binary-expr","locations":[{"start":{"line":285,"column":10},"end":{"line":285,"column":32}},{"start":{"line":285,"column":30},"end":{"line":285,"column":32}}]}},"s":{"0":1,"1":1,"2":1,"3":1,"4":1,"5":1,"6":1,"7":1,"8":1,"9":1,"10":1,"11":0,"12":0,"13":0,"14":0,"15":0,"16":0,"17":0,"18":0,"19":0,"20":0,"21":0,"22":0,"23":0,"24":0,"25":1,"26":0,"27":0,"28":0,"29":0,"30":0,"31":0,"32":0,"33":0,"34":0,"35":0,"36":0,"37":0,"38":0,"39":0,"40":0,"41":0,"42":0,"43":0,"44":0,"45":0,"46":0,"47":0,"48":0,"49":0,"50":0,"51":0,"52":0,"53":0,"54":0,"55":0,"56":0,"57":0,"58":0,"59":0,"60":0,"61":0,"62":0,"63":0,"64":0,"65":0,"66":0,"67":0,"68":0,"69":0,"70":0,"71":0,"72":0,"73":0,"74":0,"75":0,"76":0,"77":0,"78":0,"79":0,"80":0,"81":0,"82":0,"83":0,"84":0,"85":0,"86":0,"87":0,"88":0,"89":0,"90":0,"91":0,"92":0,"93":0,"94":0,"95":0,"96":0,"97":0,"98":0,"99":0,"100":0,"101":0,"102":0,"103":0,"104":0},"f":{"0":0,"1":0,"2":0,"3":0,"4":0,"5":0,"6":0,"7":0,"8":0,"9":0,"10":0,"11":0},"b":{"0":[0],"1":[0,0],"2":[0],"3":[0],"4":[0,0,0],"5":[0],"6":[0],"7":[0,0,0],"8":[0],"9":[0],"10":[0,0],"11":[0],"12":[0],"13":[0,0],"14":[0],"15":[0,0,0,0],"16":[0],"17":[0,0],"18":[0,0],"19":[0,0],"20":[0,0],"21":[0,0],"22":[0,0],"23":[0,0],"24":[0,0],"25":[0],"26":[0],"27":[0],"28":[0],"29":[0,0],"30":[0,0],"31":[0,0],"32":[0],"33":[0,0],"34":[0,0],"35":[0,0],"36":[0,0],"37":[0,0],"38":[0,0],"39":[0,0],"40":[0,0],"41":[0,0],"42":[0,0],"43":[0,0],"44":[0,0],"45":[0,0],"46":[0,0],"47":[0,0],"48":[0,0]}}
,"/home/b4knamy/docker/oculos-de-fabrica-project/frontend/src/components/glasses/components/comments/components/makecomment/hook.ts": {"path":"/home/b4knamy/docker/oculos-de-fabrica-project/frontend/src/components/glasses/components/comments/components/makecomment/hook.ts","statementMap":{"0":{"start":{"line":5,"column":0},"end":{"line":5,"column":24}},"1":{"start":{"line":1,"column":0},"end":{"line":1,"column":68}},"2":{"start":{"line":3,"column":0},"end":{"line":3,"column":47}},"3":{"start":{"line":6,"column":19},"end":{"line":6,"column":57}},"4":{"start":{"line":7,"column":20},"end":{"line":7,"column":55}},"5":{"start":{"line":8,"column":19},"end":{"line":8,"column":56}},"6":{"start":{"line":9,"column":18},"end":{"line":9,"column":58}},"7":{"start":{"line":10,"column":18},"end":{"line":10,"column":55}},"8":{"start":{"line":11,"column":20},"end":{"line":11,"column":33}},"9":{"start":{"line":12,"column":15},"end":{"line":12,"column":50}},"10":{"start":{"line":14,"column":2},"end":{"line":22,"column":14}},"11":{"start":{"line":15,"column":4},"end":{"line":20,"column":5}},"12":{"start":{"line":16,"column":6},"end":{"line":19,"column":7}},"13":{"start":{"line":17,"column":8},"end":{"line":17,"column":60}},"14":{"start":{"line":28,"column":45},"end":{"line":33,"column":null}},"15":{"start":{"line":35,"column":6},"end":{"line":35,"column":null}},"16":{"start":{"line":37,"column":2},"end":{"line":47,"column":2}}},"fnMap":{"0":{"name":"useMakeComment","decl":{"start":{"line":5,"column":24},"end":{"line":5,"column":38}},"loc":{"start":{"line":5,"column":38},"end":{"line":47,"column":2}}},"1":{"name":"(anonymous_1)","decl":{"start":{"line":14,"column":12},"end":{"line":14,"column":15}},"loc":{"start":{"line":14,"column":17},"end":{"line":22,"column":3}}},"2":{"name":"updateComment","decl":{"start":{"line":26,"column":11},"end":{"line":26,"column":24}},"loc":{"start":{"line":26,"column":78},"end":{"line":36,"column":3}}}},"branchMap":{"0":{"loc":{"start":{"line":15,"column":4},"end":{"line":20,"column":5}},"type":"if","locations":[{"start":{"line":15,"column":4},"end":{"line":20,"column":5}}]},"1":{"loc":{"start":{"line":15,"column":8},"end":{"line":15,"column":21}},"type":"cond-expr","locations":[{"start":{"line":15,"column":13},"end":{"line":15,"column":15}},{"start":{"line":15,"column":8},"end":{"line":15,"column":21}}]},"2":{"loc":{"start":{"line":15,"column":8},"end":{"line":15,"column":15}},"type":"binary-expr","locations":[{"start":{"line":15,"column":8},"end":{"line":15,"column":15}},{"start":{"line":15,"column":8},"end":{"line":15,"column":15}}]},"3":{"loc":{"start":{"line":16,"column":6},"end":{"line":19,"column":7}},"type":"if","locations":[{"start":{"line":16,"column":6},"end":{"line":19,"column":7}}]},"4":{"loc":{"start":{"line":29,"column":15},"end":{"line":29,"column":51}},"type":"cond-expr","locations":[{"start":{"line":29,"column":38},"end":{"line":29,"column":42}},{"start":{"line":29,"column":42},"end":{"line":29,"column":51}}]},"5":{"loc":{"start":{"line":29,"column":15},"end":{"line":29,"column":42}},"type":"binary-expr","locations":[{"start":{"line":29,"column":15},"end":{"line":29,"column":42}},{"start":{"line":29,"column":38},"end":{"line":29,"column":42}}]},"6":{"loc":{"start":{"line":29,"column":15},"end":{"line":29,"column":38}},"type":"cond-expr","locations":[{"start":{"line":29,"column":31},"end":{"line":29,"column":33}},{"start":{"line":29,"column":31},"end":{"line":29,"column":38}}]},"7":{"loc":{"start":{"line":29,"column":15},"end":{"line":29,"column":33}},"type":"binary-expr","locations":[{"start":{"line":29,"column":15},"end":{"line":29,"column":33}},{"start":{"line":29,"column":31},"end":{"line":29,"column":33}}]},"8":{"loc":{"start":{"line":30,"column":16},"end":{"line":30,"column":80}},"type":"binary-expr","locations":[{"start":{"line":30,"column":16},"end":{"line":30,"column":72}},{"start":{"line":30,"column":76},"end":{"line":30,"column":80}}]},"9":{"loc":{"start":{"line":30,"column":23},"end":{"line":30,"column":71}},"type":"cond-expr","locations":[{"start":{"line":30,"column":40},"end":{"line":30,"column":42}},{"start":{"line":30,"column":40},"end":{"line":30,"column":71}}]},"10":{"loc":{"start":{"line":30,"column":23},"end":{"line":30,"column":42}},"type":"binary-expr","locations":[{"start":{"line":30,"column":23},"end":{"line":30,"column":42}},{"start":{"line":30,"column":40},"end":{"line":30,"column":42}}]},"11":{"loc":{"start":{"line":31,"column":15},"end":{"line":31,"column":44}},"type":"cond-expr","locations":[{"start":{"line":31,"column":38},"end":{"line":31,"column":42}},{"start":{"line":31,"column":42},"end":{"line":31,"column":44}}]},"12":{"loc":{"start":{"line":31,"column":15},"end":{"line":31,"column":42}},"type":"binary-expr","locations":[{"start":{"line":31,"column":15},"end":{"line":31,"column":42}},{"start":{"line":31,"column":38},"end":{"line":31,"column":42}}]},"13":{"loc":{"start":{"line":31,"column":15},"end":{"line":31,"column":38}},"type":"cond-expr","locations":[{"start":{"line":31,"column":31},"end":{"line":31,"column":33}},{"start":{"line":31,"column":31},"end":{"line":31,"column":38}}]},"14":{"loc":{"start":{"line":31,"column":15},"end":{"line":31,"column":33}},"type":"binary-expr","locations":[{"start":{"line":31,"column":15},"end":{"line":31,"column":33}},{"start":{"line":31,"column":31},"end":{"line":31,"column":33}}]},"15":{"loc":{"start":{"line":32,"column":14},"end":{"line":32,"column":42}},"type":"cond-expr","locations":[{"start":{"line":32,"column":36},"end":{"line":32,"column":40}},{"start":{"line":32,"column":40},"end":{"line":32,"column":42}}]},"16":{"loc":{"start":{"line":32,"column":14},"end":{"line":32,"column":40}},"type":"binary-expr","locations":[{"start":{"line":32,"column":14},"end":{"line":32,"column":40}},{"start":{"line":32,"column":36},"end":{"line":32,"column":40}}]},"17":{"loc":{"start":{"line":32,"column":14},"end":{"line":32,"column":36}},"type":"cond-expr","locations":[{"start":{"line":32,"column":29},"end":{"line":32,"column":31}},{"start":{"line":32,"column":29},"end":{"line":32,"column":36}}]},"18":{"loc":{"start":{"line":32,"column":14},"end":{"line":32,"column":31}},"type":"binary-expr","locations":[{"start":{"line":32,"column":14},"end":{"line":32,"column":31}},{"start":{"line":32,"column":29},"end":{"line":32,"column":31}}]}},"s":{"0":1,"1":1,"2":1,"3":0,"4":0,"5":0,"6":0,"7":0,"8":0,"9":0,"10":0,"11":0,"12":0,"13":0,"14":0,"15":0,"16":0},"f":{"0":0,"1":0,"2":0},"b":{"0":[0],"1":[0,0],"2":[0,0],"3":[0],"4":[0,0],"5":[0,0],"6":[0,0],"7":[0,0],"8":[0,0],"9":[0,0],"10":[0,0],"11":[0,0],"12":[0,0],"13":[0,0],"14":[0,0],"15":[0,0],"16":[0,0],"17":[0,0],"18":[0,0]}}
,"/home/b4knamy/docker/oculos-de-fabrica-project/frontend/src/components/glasses/components/comments/components/makecomment/makecomment.style.ts": {"path":"/home/b4knamy/docker/oculos-de-fabrica-project/frontend/src/components/glasses/components/comments/components/makecomment/makecomment.style.ts","statementMap":{"0":{"start":{"line":1,"column":0},"end":{"line":1,"column":39}},"1":{"start":{"line":2,"column":0},"end":{"line":2,"column":75}},"2":{"start":{"line":4,"column":13},"end":{"line":11,"column":2}}},"fnMap":{},"branchMap":{},"s":{"0":1,"1":1,"2":1},"f":{},"b":{}}
,"/home/b4knamy/docker/oculos-de-fabrica-project/frontend/src/components/glasses/components/comments/components/makecomment/makecomment.tsx": {"path":"/home/b4knamy/docker/oculos-de-fabrica-project/frontend/src/components/glasses/components/comments/components/makecomment/makecomment.tsx","statementMap":{"0":{"start":{"line":14,"column":0},"end":{"line":14,"column":24}},"1":{"start":{"line":1,"column":0},"end":{"line":1,"column":52}},"2":{"start":{"line":2,"column":0},"end":{"line":2,"column":48}},"3":{"start":{"line":3,"column":0},"end":{"line":3,"column":59}},"4":{"start":{"line":4,"column":0},"end":{"line":4,"column":null}},"5":{"start":{"line":9,"column":0},"end":{"line":9,"column":36}},"6":{"start":{"line":10,"column":0},"end":{"line":10,"column":47}},"7":{"start":{"line":12,"column":0},"end":{"line":12,"column":62}},"8":{"start":{"line":24,"column":40},"end":{"line":24,"column":56}},"9":{"start":{"line":25,"column":19},"end":{"line":25,"column":32}},"10":{"start":{"line":27,"column":24},"end":{"line":66,"column":4}},"11":{"start":{"line":27,"column":35},"end":{"line":66,"column":4}},"12":{"start":{"line":28,"column":29},"end":{"line":28,"column":58}},"13":{"start":{"line":29,"column":4},"end":{"line":32,"column":5}},"14":{"start":{"line":30,"column":6},"end":{"line":30,"column":32}},"15":{"start":{"line":31,"column":6},"end":{"line":31,"column":13}},"16":{"start":{"line":34,"column":4},"end":{"line":65,"column":5}},"17":{"start":{"line":35,"column":23},"end":{"line":40,"column":null}},"18":{"start":{"line":43,"column":6},"end":{"line":57,"column":7}},"19":{"start":{"line":44,"column":55},"end":{"line":44,"column":76}},"20":{"start":{"line":46,"column":8},"end":{"line":56,"column":9}},"21":{"start":{"line":47,"column":10},"end":{"line":53,"column":12}},"22":{"start":{"line":54,"column":10},"end":{"line":54,"column":null}},"23":{"start":{"line":59,"column":6},"end":{"line":63,"column":7}},"24":{"start":{"line":60,"column":8},"end":{"line":60,"column":null}},"25":{"start":{"line":62,"column":8},"end":{"line":62,"column":null}},"26":{"start":{"line":64,"column":6},"end":{"line":64,"column":32}},"27":{"start":{"line":68,"column":2},"end":{"line":109,"column":4}},"28":{"start":{"line":87,"column":10},"end":{"line":87,"column":26}},"29":{"start":{"line":95,"column":10},"end":{"line":95,"column":null}},"30":{"start":{"line":103,"column":10},"end":{"line":103,"column":31}}},"fnMap":{"0":{"name":"MakeComment","decl":{"start":{"line":14,"column":24},"end":{"line":14,"column":35}},"loc":{"start":{"line":23,"column":19},"end":{"line":110,"column":1}}},"1":{"name":"(anonymous_9)","decl":{"start":{"line":27,"column":24},"end":{"line":27,"column":33}},"loc":{"start":{"line":27,"column":35},"end":{"line":66,"column":4}}},"2":{"name":"(anonymous_10)","decl":{"start":{"line":27,"column":35},"end":{"line":27,"column":null}},"loc":{"start":{"line":27,"column":35},"end":{"line":66,"column":3}}},"3":{"name":"(anonymous_11)","decl":{"start":{"line":86,"column":17},"end":{"line":86,"column":20}},"loc":{"start":{"line":86,"column":22},"end":{"line":88,"column":9}}},"4":{"name":"(anonymous_12)","decl":{"start":{"line":94,"column":17},"end":{"line":94,"column":20}},"loc":{"start":{"line":94,"column":22},"end":{"line":96,"column":9}}},"5":{"name":"(anonymous_13)","decl":{"start":{"line":102,"column":17},"end":{"line":102,"column":20}},"loc":{"start":{"line":102,"column":22},"end":{"line":104,"column":9}}}},"branchMap":{"0":{"loc":{"start":{"line":29,"column":4},"end":{"line":32,"column":5}},"type":"if","locations":[{"start":{"line":29,"column":4},"end":{"line":32,"column":5}}]},"1":{"loc":{"start":{"line":43,"column":6},"end":{"line":57,"column":7}},"type":"if","locations":[{"start":{"line":43,"column":6},"end":{"line":57,"column":7}}]},"2":{"loc":{"start":{"line":43,"column":10},"end":{"line":43,"column":26}},"type":"cond-expr","locations":[{"start":{"line":43,"column":18},"end":{"line":43,"column":20}},{"start":{"line":43,"column":10},"end":{"line":43,"column":26}}]},"3":{"loc":{"start":{"line":43,"column":10},"end":{"line":43,"column":20}},"type":"binary-expr","locations":[{"start":{"line":43,"column":10},"end":{"line":43,"column":20}},{"start":{"line":43,"column":10},"end":{"line":43,"column":20}}]},"4":{"loc":{"start":{"line":46,"column":8},"end":{"line":56,"column":9}},"type":"if","locations":[{"start":{"line":46,"column":8},"end":{"line":56,"column":9}}]},"5":{"loc":{"start":{"line":59,"column":6},"end":{"line":63,"column":7}},"type":"if","locations":[{"start":{"line":59,"column":6},"end":{"line":63,"column":7}},{"start":{"line":61,"column":13},"end":{"line":63,"column":7}}]}},"s":{"0":1,"1":1,"2":1,"3":1,"4":1,"5":1,"6":1,"7":1,"8":0,"9":0,"10":0,"11":0,"12":0,"13":0,"14":0,"15":0,"16":0,"17":0,"18":0,"19":0,"20":0,"21":0,"22":0,"23":0,"24":0,"25":0,"26":0,"27":0,"28":0,"29":0,"30":0},"f":{"0":0,"1":0,"2":0,"3":0,"4":0,"5":0},"b":{"0":[0],"1":[0],"2":[0,0],"3":[0,0],"4":[0],"5":[0,0]}}
,"/home/b4knamy/docker/oculos-de-fabrica-project/frontend/src/components/glasses/components/comments/components/makecomment/makecommentwrapper.tsx": {"path":"/home/b4knamy/docker/oculos-de-fabrica-project/frontend/src/components/glasses/components/comments/components/makecomment/makecommentwrapper.tsx","statementMap":{"0":{"start":{"line":16,"column":0},"end":{"line":16,"column":24}},"1":{"start":{"line":1,"column":0},"end":{"line":1,"column":59}},"2":{"start":{"line":2,"column":0},"end":{"line":2,"column":40}},"3":{"start":{"line":3,"column":0},"end":{"line":3,"column":82}},"4":{"start":{"line":5,"column":0},"end":{"line":5,"column":68}},"5":{"start":{"line":6,"column":0},"end":{"line":6,"column":83}},"6":{"start":{"line":7,"column":0},"end":{"line":7,"column":95}},"7":{"start":{"line":17,"column":28},"end":{"line":17,"column":67}},"8":{"start":{"line":18,"column":50},"end":{"line":18,"column":74}},"9":{"start":{"line":19,"column":15},"end":{"line":19,"column":31}},"10":{"start":{"line":20,"column":32},"end":{"line":25,"column":4}},"11":{"start":{"line":27,"column":2},"end":{"line":31,"column":3}},"12":{"start":{"line":28,"column":4},"end":{"line":30,"column":6}},"13":{"start":{"line":33,"column":2},"end":{"line":40,"column":3}},"14":{"start":{"line":34,"column":4},"end":{"line":39,"column":6}},"15":{"start":{"line":37,"column":30},"end":{"line":37,"column":45}},"16":{"start":{"line":42,"column":2},"end":{"line":51,"column":3}},"17":{"start":{"line":43,"column":4},"end":{"line":50,"column":null}},"18":{"start":{"line":46,"column":10},"end":{"line":46,"column":null}},"19":{"start":{"line":47,"column":10},"end":{"line":47,"column":null}},"20":{"start":{"line":52,"column":2},"end":{"line":61,"column":null}}},"fnMap":{"0":{"name":"MakeCommentWrapper","decl":{"start":{"line":16,"column":24},"end":{"line":16,"column":42}},"loc":{"start":{"line":16,"column":107},"end":{"line":62,"column":1}}},"1":{"name":"(anonymous_2)","decl":{"start":{"line":37,"column":23},"end":{"line":37,"column":26}},"loc":{"start":{"line":37,"column":28},"end":{"line":37,"column":45}}},"2":{"name":"(anonymous_3)","decl":{"start":{"line":45,"column":17},"end":{"line":45,"column":20}},"loc":{"start":{"line":45,"column":22},"end":{"line":48,"column":9}}}},"branchMap":{"0":{"loc":{"start":{"line":27,"column":2},"end":{"line":31,"column":3}},"type":"if","locations":[{"start":{"line":27,"column":2},"end":{"line":31,"column":3}}]},"1":{"loc":{"start":{"line":33,"column":2},"end":{"line":40,"column":3}},"type":"if","locations":[{"start":{"line":33,"column":2},"end":{"line":40,"column":3}}]},"2":{"loc":{"start":{"line":42,"column":2},"end":{"line":51,"column":3}},"type":"if","locations":[{"start":{"line":42,"column":2},"end":{"line":51,"column":3}}]}},"s":{"0":1,"1":1,"2":1,"3":1,"4":1,"5":1,"6":1,"7":0,"8":0,"9":0,"10":0,"11":0,"12":0,"13":0,"14":0,"15":0,"16":0,"17":0,"18":0,"19":0,"20":0},"f":{"0":0,"1":0,"2":0},"b":{"0":[0],"1":[0],"2":[0]}}
,"/home/b4knamy/docker/oculos-de-fabrica-project/frontend/src/components/glasses/components/comments/components/makecomment/commentform/commentform.style.ts": {"path":"/home/b4knamy/docker/oculos-de-fabrica-project/frontend/src/components/glasses/components/comments/components/makecomment/commentform/commentform.style.ts","statementMap":{"0":{"start":{"line":1,"column":0},"end":{"line":1,"column":39}},"1":{"start":{"line":2,"column":0},"end":{"line":2,"column":78}},"2":{"start":{"line":4,"column":13},"end":{"line":11,"column":2}},"3":{"start":{"line":13,"column":13},"end":{"line":24,"column":2}},"4":{"start":{"line":26,"column":13},"end":{"line":38,"column":2}},"5":{"start":{"line":40,"column":13},"end":{"line":47,"column":2}}},"fnMap":{},"branchMap":{},"s":{"0":1,"1":1,"2":1,"3":1,"4":1,"5":1},"f":{},"b":{}}
,"/home/b4knamy/docker/oculos-de-fabrica-project/frontend/src/components/glasses/components/comments/components/makecomment/commentform/commentform.tsx": {"path":"/home/b4knamy/docker/oculos-de-fabrica-project/frontend/src/components/glasses/components/comments/components/makecomment/commentform/commentform.tsx","statementMap":{"0":{"start":{"line":5,"column":0},"end":{"line":5,"column":24}},"1":{"start":{"line":1,"column":0},"end":{"line":1,"column":64}},"2":{"start":{"line":3,"column":0},"end":{"line":3,"column":44}},"3":{"start":{"line":12,"column":2},"end":{"line":37,"column":4}}},"fnMap":{"0":{"name":"CommentForm","decl":{"start":{"line":5,"column":24},"end":{"line":5,"column":35}},"loc":{"start":{"line":11,"column":19},"end":{"line":38,"column":1}}}},"branchMap":{},"s":{"0":1,"1":1,"2":1,"3":0},"f":{"0":0},"b":{}}
,"/home/b4knamy/docker/oculos-de-fabrica-project/frontend/src/components/glasses/components/comments/components/makecomment/commentform/images/helpers.ts": {"path":"/home/b4knamy/docker/oculos-de-fabrica-project/frontend/src/components/glasses/components/comments/components/makecomment/commentform/images/helpers.ts","statementMap":{"0":{"start":{"line":2,"column":0},"end":{"line":2,"column":null}},"1":{"start":{"line":6,"column":0},"end":{"line":6,"column":null}},"2":{"start":{"line":13,"column":2},"end":{"line":44,"column":3}},"3":{"start":{"line":17,"column":2},"end":{"line":44,"column":3}},"4":{"start":{"line":18,"column":4},"end":{"line":43,"column":5}},"5":{"start":{"line":22,"column":20},"end":{"line":22,"column":38}},"6":{"start":{"line":23,"column":6},"end":{"line":26,"column":7}},"7":{"start":{"line":24,"column":8},"end":{"line":24,"column":35}},"8":{"start":{"line":25,"column":8},"end":{"line":25,"column":15}},"9":{"start":{"line":28,"column":6},"end":{"line":37,"column":7}},"10":{"start":{"line":29,"column":8},"end":{"line":32,"column":9}},"11":{"start":{"line":30,"column":10},"end":{"line":30,"column":43}},"12":{"start":{"line":31,"column":10},"end":{"line":31,"column":17}},"13":{"start":{"line":33,"column":8},"end":{"line":36,"column":9}},"14":{"start":{"line":34,"column":10},"end":{"line":34,"column":47}},"15":{"start":{"line":35,"column":10},"end":{"line":35,"column":17}},"16":{"start":{"line":39,"column":27},"end":{"line":39,"column":44}},"17":{"start":{"line":40,"column":6},"end":{"line":40,"column":29}},"18":{"start":{"line":41,"column":6},"end":{"line":41,"column":21}},"19":{"start":{"line":12,"column":13},"end":{"line":12,"column":null}}},"fnMap":{"0":{"name":"(anonymous_0)","decl":{"start":{"line":13,"column":2},"end":{"line":13,"column":null}},"loc":{"start":{"line":17,"column":2},"end":{"line":44,"column":3}}},"1":{"name":"(anonymous_1)","decl":{"start":{"line":17,"column":2},"end":{"line":17,"column":3}},"loc":{"start":{"line":17,"column":43},"end":{"line":44,"column":3}}}},"branchMap":{"0":{"loc":{"start":{"line":18,"column":4},"end":{"line":43,"column":5}},"type":"if","locations":[{"start":{"line":18,"column":4},"end":{"line":43,"column":5}}]},"1":{"loc":{"start":{"line":19,"column":6},"end":{"line":20,"column":33}},"type":"binary-expr","locations":[{"start":{"line":19,"column":6},"end":{"line":19,"column":46}},{"start":{"line":20,"column":6},"end":{"line":20,"column":33}}]},"2":{"loc":{"start":{"line":23,"column":6},"end":{"line":26,"column":7}},"type":"if","locations":[{"start":{"line":23,"column":6},"end":{"line":26,"column":7}}]},"3":{"loc":{"start":{"line":29,"column":8},"end":{"line":32,"column":9}},"type":"if","locations":[{"start":{"line":29,"column":8},"end":{"line":32,"column":9}}]},"4":{"loc":{"start":{"line":33,"column":8},"end":{"line":36,"column":9}},"type":"if","locations":[{"start":{"line":33,"column":8},"end":{"line":36,"column":9}}]},"5":{"loc":{"start":{"line":33,"column":12},"end":{"line":33,"column":75}},"type":"binary-expr","locations":[{"start":{"line":33,"column":12},"end":{"line":33,"column":42}},{"start":{"line":33,"column":46},"end":{"line":33,"column":75}}]}},"s":{"0":1,"1":1,"2":1,"3":0,"4":0,"5":0,"6":0,"7":0,"8":0,"9":0,"10":0,"11":0,"12":0,"13":0,"14":0,"15":0,"16":0,"17":0,"18":0,"19":1},"f":{"0":0,"1":0},"b":{"0":[0],"1":[0,0],"2":[0],"3":[0],"4":[0],"5":[0,0]}}
,"/home/b4knamy/docker/oculos-de-fabrica-project/frontend/src/components/glasses/components/comments/components/makecomment/commentform/images/image.tsx": {"path":"/home/b4knamy/docker/oculos-de-fabrica-project/frontend/src/components/glasses/components/comments/components/makecomment/commentform/images/image.tsx","statementMap":{"0":{"start":{"line":7,"column":0},"end":{"line":7,"column":16}},"1":{"start":{"line":1,"column":0},"end":{"line":1,"column":33}},"2":{"start":{"line":2,"column":0},"end":{"line":2,"column":46}},"3":{"start":{"line":4,"column":0},"end":{"line":4,"column":42}},"4":{"start":{"line":5,"column":0},"end":{"line":5,"column":86}},"5":{"start":{"line":8,"column":28},"end":{"line":8,"column":48}},"6":{"start":{"line":9,"column":28},"end":{"line":9,"column":57}},"7":{"start":{"line":12,"column":4},"end":{"line":12,"column":17}},"8":{"start":{"line":13,"column":4},"end":{"line":13,"column":19}},"9":{"start":{"line":16,"column":2},"end":{"line":23,"column":3}},"10":{"start":{"line":17,"column":4},"end":{"line":22,"column":6}},"11":{"start":{"line":24,"column":2},"end":{"line":53,"column":4}},"12":{"start":{"line":33,"column":12},"end":{"line":39,"column":14}}},"fnMap":{"0":{"name":"ImagesForm","decl":{"start":{"line":7,"column":16},"end":{"line":7,"column":26}},"loc":{"start":{"line":7,"column":61},"end":{"line":54,"column":1}}},"1":{"name":"performErrorHandler","decl":{"start":{"line":11,"column":11},"end":{"line":11,"column":30}},"loc":{"start":{"line":11,"column":30},"end":{"line":14,"column":3}}},"2":{"name":"(anonymous_2)","decl":{"start":{"line":32,"column":21},"end":{"line":32,"column":22}},"loc":{"start":{"line":32,"column":37},"end":{"line":40,"column":11}}}},"branchMap":{"0":{"loc":{"start":{"line":16,"column":2},"end":{"line":23,"column":3}},"type":"if","locations":[{"start":{"line":16,"column":2},"end":{"line":23,"column":3}}]}},"s":{"0":1,"1":1,"2":1,"3":1,"4":1,"5":0,"6":0,"7":0,"8":0,"9":0,"10":0,"11":0,"12":0},"f":{"0":0,"1":0,"2":0},"b":{"0":[0]}}
,"/home/b4knamy/docker/oculos-de-fabrica-project/frontend/src/components/glasses/components/comments/components/makecomment/shortreview/shortreview.style.ts": {"path":"/home/b4knamy/docker/oculos-de-fabrica-project/frontend/src/components/glasses/components/comments/components/makecomment/shortreview/shortreview.style.ts","statementMap":{"0":{"start":{"line":1,"column":0},"end":{"line":1,"column":39}},"1":{"start":{"line":2,"column":0},"end":{"line":2,"column":null}},"2":{"start":{"line":7,"column":13},"end":{"line":18,"column":2}},"3":{"start":{"line":20,"column":13},"end":{"line":50,"column":2}}},"fnMap":{},"branchMap":{},"s":{"0":1,"1":1,"2":1,"3":1},"f":{},"b":{}}
[...]
column":2},"end":{"line":42,"column":3}}]},"3":{"loc":{"start":{"line":34,"column":4},"end":{"line":39,"column":5}},"type":"if","locations":[{"start":{"line":34,"column":4},"end":{"line":39,"column":5}},{"start":{"line":37,"column":11},"end":{"line":39,"column":5}}]},"4":{"loc":{"start":{"line":44,"column":2},"end":{"line":54,"column":3}},"type":"if","locations":[{"start":{"line":44,"column":2},"end":{"line":54,"column":3}}]},"5":{"loc":{"start":{"line":46,"column":4},"end":{"line":51,"column":5}},"type":"if","locations":[{"start":{"line":46,"column":4},"end":{"line":51,"column":5}},{"start":{"line":49,"column":11},"end":{"line":51,"column":5}}]},"6":{"loc":{"start":{"line":55,"column":2},"end":{"line":65,"column":3}},"type":"if","locations":[{"start":{"line":55,"column":2},"end":{"line":65,"column":3}}]},"7":{"loc":{"start":{"line":57,"column":4},"end":{"line":62,"column":5}},"type":"if","locations":[{"start":{"line":57,"column":4},"end":{"line":62,"column":5}},{"start":{"line":60,"column":11},"end":{"line":62,"column":5}}]},"8":{"loc":{"start":{"line":67,"column":2},"end":{"line":77,"column":3}},"type":"if","locations":[{"start":{"line":67,"column":2},"end":{"line":77,"column":3}}]},"9":{"loc":{"start":{"line":69,"column":4},"end":{"line":74,"column":5}},"type":"if","locations":[{"start":{"line":69,"column":4},"end":{"line":74,"column":5}},{"start":{"line":72,"column":11},"end":{"line":74,"column":5}}]},"10":{"loc":{"start":{"line":79,"column":2},"end":{"line":89,"column":3}},"type":"if","locations":[{"start":{"line":79,"column":2},"end":{"line":89,"column":3}}]},"11":{"loc":{"start":{"line":81,"column":4},"end":{"line":86,"column":5}},"type":"if","locations":[{"start":{"line":81,"column":4},"end":{"line":86,"column":5}},{"start":{"line":84,"column":11},"end":{"line":86,"column":5}}]},"12":{"loc":{"start":{"line":91,"column":2},"end":{"line":99,"column":3}},"type":"if","locations":[{"start":{"line":91,"column":2},"end":{"line":99,"column":3}}]},"13":{"loc":{"start":{"line":92,"column":4},"end":{"line":96,"column":5}},"type":"if","locations":[{"start":{"line":92,"column":4},"end":{"line":96,"column":5}},{"start":{"line":94,"column":11},"end":{"line":96,"column":5}}]}},"s":{"0":9,"1":9,"2":0,"3":0,"4":0,"5":0,"6":0,"7":0,"8":0,"9":0,"10":0,"11":0,"12":0,"13":0,"14":0,"15":0,"16":0,"17":0,"18":0,"19":0,"20":0,"21":0,"22":0,"23":0,"24":0,"25":0,"26":0,"27":0,"28":0,"29":0,"30":0,"31":0,"32":0,"33":0,"34":0,"35":0,"36":0,"37":0,"38":0,"39":0,"40":0,"41":0,"42":0,"43":0,"44":0,"45":0,"46":0,"47":0,"48":0,"49":0,"50":9},"f":{"0":0},"b":{"0":[0],"1":[0],"2":[0],"3":[0,0],"4":[0],"5":[0,0],"6":[0],"7":[0,0],"8":[0],"9":[0,0],"10":[0],"11":[0,0],"12":[0],"13":[0,0]}}
,"/home/b4knamy/docker/oculos-de-fabrica-project/frontend/src/mocks/handlers.ts": {"path":"/home/b4knamy/docker/oculos-de-fabrica-project/frontend/src/mocks/handlers.ts","statementMap":{"0":{"start":{"line":1,"column":0},"end":{"line":1,"column":41}},"1":{"start":{"line":2,"column":0},"end":{"line":2,"column":63}},"2":{"start":{"line":3,"column":0},"end":{"line":3,"column":75}},"3":{"start":{"line":4,"column":0},"end":{"line":4,"column":80}},"4":{"start":{"line":5,"column":0},"end":{"line":5,"column":88}},"5":{"start":{"line":6,"column":0},"end":{"line":6,"column":70}},"6":{"start":{"line":7,"column":0},"end":{"line":7,"column":72}},"7":{"start":{"line":9,"column":13},"end":{"line":32,"column":2}},"8":{"start":{"line":11,"column":4},"end":{"line":11,"column":47}},"9":{"start":{"line":15,"column":4},"end":{"line":15,"column":null}},"10":{"start":{"line":19,"column":4},"end":{"line":19,"column":null}},"11":{"start":{"line":22,"column":4},"end":{"line":22,"column":null}},"12":{"start":{"line":26,"column":4},"end":{"line":26,"column":null}},"13":{"start":{"line":30,"column":4},"end":{"line":30,"column":null}}},"fnMap":{"0":{"name":"(anonymous_0)","decl":{"start":{"line":10,"column":23},"end":{"line":10,"column":26}},"loc":{"start":{"line":10,"column":28},"end":{"line":12,"column":3}}},"1":{"name":"(anonymous_1)","decl":{"start":{"line":14,"column":32},"end":{"line":14,"column":35}},"loc":{"start":{"line":14,"column":37},"end":{"line":16,"column":3}}},"2":{"name":"(anonymous_2)","decl":{"start":{"line":18,"column":50},"end":{"line":18,"column":53}},"loc":{"start":{"line":18,"column":55},"end":{"line":20,"column":3}}},"3":{"name":"(anonymous_3)","decl":{"start":{"line":21,"column":35},"end":{"line":21,"column":38}},"loc":{"start":{"line":21,"column":40},"end":{"line":23,"column":3}}},"4":{"name":"(anonymous_4)","decl":{"start":{"line":25,"column":25},"end":{"line":25,"column":28}},"loc":{"start":{"line":25,"column":30},"end":{"line":27,"column":3}}},"5":{"name":"(anonymous_5)","decl":{"start":{"line":29,"column":100},"end":{"line":29,"column":103}},"loc":{"start":{"line":29,"column":105},"end":{"line":31,"column":3}}}},"branchMap":{},"s":{"0":11,"1":11,"2":11,"3":11,"4":11,"5":11,"6":11,"7":11,"8":0,"9":2,"10":1,"11":4,"12":4,"13":0},"f":{"0":0,"1":2,"2":1,"3":4,"4":4,"5":0},"b":{}}
,"/home/b4knamy/docker/oculos-de-fabrica-project/frontend/src/mocks/necessarilyProviders.tsx": {"path":"/home/b4knamy/docker/oculos-de-fabrica-project/frontend/src/mocks/necessarilyProviders.tsx","statementMap":{"0":{"start":{"line":6,"column":0},"end":{"line":6,"column":24}},"1":{"start":{"line":1,"column":0},"end":{"line":1,"column":49}},"2":{"start":{"line":2,"column":0},"end":{"line":2,"column":78}},"3":{"start":{"line":4,"column":0},"end":{"line":4,"column":82}},"4":{"start":{"line":7,"column":2},"end":{"line":15,"column":null}}},"fnMap":{"0":{"name":"TestProviders","decl":{"start":{"line":6,"column":24},"end":{"line":6,"column":37}},"loc":{"start":{"line":6,"column":73},"end":{"line":16,"column":1}}}},"branchMap":{},"s":{"0":9,"1":9,"2":9,"3":9,"4":18},"f":{"0":18},"b":{}}
,"/home/b4knamy/docker/oculos-de-fabrica-project/frontend/src/mocks/server.ts": {"path":"/home/b4knamy/docker/oculos-de-fabrica-project/frontend/src/mocks/server.ts","statementMap":{"0":{"start":{"line":7,"column":0},"end":{"line":7,"column":24}},"1":{"start":{"line":1,"column":0},"end":{"line":1,"column":39}},"2":{"start":{"line":2,"column":0},"end":{"line":2,"column":38}},"3":{"start":{"line":5,"column":13},"end":{"line":5,"column":47}},"4":{"start":{"line":11,"column":2},"end":{"line":11,"column":35}},"5":{"start":{"line":11,"column":18},"end":{"line":11,"column":33}},"6":{"start":{"line":13,"column":2},"end":{"line":19,"column":null}},"7":{"start":{"line":14,"column":4},"end":{"line":14,"column":null}},"8":{"start":{"line":15,"column":4},"end":{"line":18,"column":5}},"9":{"start":{"line":21,"column":2},"end":{"line":23,"column":5}},"10":{"start":{"line":22,"column":4},"end":{"line":22,"column":null}},"11":{"start":{"line":25,"column":2},"end":{"line":25,"column":33}},"12":{"start":{"line":25,"column":17},"end":{"line":25,"column":31}}},"fnMap":{"0":{"name":"serverMockSetup","decl":{"start":{"line":7,"column":24},"end":{"line":7,"column":39}},"loc":{"start":{"line":7,"column":39},"end":{"line":26,"column":1}}},"1":{"name":"(anonymous_1)","decl":{"start":{"line":11,"column":12},"end":{"line":11,"column":15}},"loc":{"start":{"line":11,"column":18},"end":{"line":11,"column":33}}},"2":{"name":"(anonymous_2)","decl":{"start":{"line":13,"column":13},"end":{"line":13,"column":16}},"loc":{"start":{"line":13,"column":18},"end":{"line":19,"column":3}}},"3":{"name":"(anonymous_3)","decl":{"start":{"line":21,"column":12},"end":{"line":21,"column":15}},"loc":{"start":{"line":21,"column":17},"end":{"line":23,"column":3}}},"4":{"name":"(anonymous_4)","decl":{"start":{"line":25,"column":11},"end":{"line":25,"column":14}},"loc":{"start":{"line":25,"column":17},"end":{"line":25,"column":31}}}},"branchMap":{},"s":{"0":11,"1":11,"2":11,"3":11,"4":0,"5":0,"6":0,"7":0,"8":0,"9":0,"10":0,"11":0,"12":0},"f":{"0":0,"1":0,"2":0,"3":0,"4":0},"b":{}}
,"/home/b4knamy/docker/oculos-de-fabrica-project/frontend/src/mocks/data/glasses.ts": {"path":"/home/b4knamy/docker/oculos-de-fabrica-project/frontend/src/mocks/data/glasses.ts","statementMap":{"0":{"start":{"line":3,"column":0},"end":{"line":3,"column":45}},"1":{"start":{"line":6,"column":13},"end":{"line":71,"column":2}},"2":{"start":{"line":73,"column":13},"end":{"line":96,"column":2}},"3":{"start":{"line":97,"column":13},"end":{"line":193,"column":2}},"4":{"start":{"line":195,"column":13},"end":{"line":253,"column":2}}},"fnMap":{},"branchMap":{},"s":{"0":11,"1":11,"2":11,"3":11,"4":11},"f":{},"b":{}}
,"/home/b4knamy/docker/oculos-de-fabrica-project/frontend/src/mocks/data/search.ts": {"path":"/home/b4knamy/docker/oculos-de-fabrica-project/frontend/src/mocks/data/search.ts","statementMap":{"0":{"start":{"line":4,"column":13},"end":{"line":168,"column":2}},"1":{"start":{"line":171,"column":13},"end":{"line":337,"column":null}}},"fnMap":{},"branchMap":{},"s":{"0":11,"1":11},"f":{},"b":{}}
,"/home/b4knamy/docker/oculos-de-fabrica-project/frontend/src/mocks/data/userContext.ts": {"path":"/home/b4knamy/docker/oculos-de-fabrica-project/frontend/src/mocks/data/userContext.ts","statementMap":{"0":{"start":{"line":5,"column":13},"end":{"line":10,"column":null}},"1":{"start":{"line":12,"column":13},"end":{"line":14,"column":null}},"2":{"start":{"line":15,"column":13},"end":{"line":18,"column":null}}},"fnMap":{},"branchMap":{},"s":{"0":11,"1":11,"2":11},"f":{},"b":{}}
,"/home/b4knamy/docker/oculos-de-fabrica-project/frontend/src/settings/account/urls.ts": {"path":"/home/b4knamy/docker/oculos-de-fabrica-project/frontend/src/settings/account/urls.ts","statementMap":{"0":{"start":{"line":1,"column":0},"end":{"line":1,"column":48}},"1":{"start":{"line":3,"column":13},"end":{"line":3,"column":68}},"2":{"start":{"line":5,"column":13},"end":{"line":5,"column":61}},"3":{"start":{"line":6,"column":13},"end":{"line":6,"column":55}},"4":{"start":{"line":8,"column":13},"end":{"line":8,"column":63}},"5":{"start":{"line":9,"column":13},"end":{"line":9,"column":60}},"6":{"start":{"line":10,"column":13},"end":{"line":10,"column":74}},"7":{"start":{"line":11,"column":13},"end":{"line":11,"column":63}},"8":{"start":{"line":12,"column":13},"end":{"line":12,"column":76}},"9":{"start":{"line":13,"column":13},"end":{"line":13,"column":73}},"10":{"start":{"line":15,"column":13},"end":{"line":15,"column":39}},"11":{"start":{"line":16,"column":13},"end":{"line":16,"column":45}}},"fnMap":{},"branchMap":{},"s":{"0":12,"1":12,"2":12,"3":12,"4":12,"5":12,"6":12,"7":12,"8":12,"9":12,"10":12,"11":12},"f":{},"b":{}}
,"/home/b4knamy/docker/oculos-de-fabrica-project/frontend/src/settings/glass/configs.ts": {"path":"/home/b4knamy/docker/oculos-de-fabrica-project/frontend/src/settings/glass/configs.ts","statementMap":{"0":{"start":{"line":1,"column":13},"end":{"line":1,"column":38}},"1":{"start":{"line":3,"column":13},"end":{"line":3,"column":35}},"2":{"start":{"line":5,"column":13},"end":{"line":5,"column":62}},"3":{"start":{"line":7,"column":13},"end":{"line":7,"column":44}}},"fnMap":{},"branchMap":{},"s":{"0":1,"1":1,"2":1,"3":1},"f":{},"b":{}}
,"/home/b4knamy/docker/oculos-de-fabrica-project/frontend/src/settings/glass/urls.ts": {"path":"/home/b4knamy/docker/oculos-de-fabrica-project/frontend/src/settings/glass/urls.ts","statementMap":{"0":{"start":{"line":1,"column":0},"end":{"line":1,"column":48}},"1":{"start":{"line":3,"column":13},"end":{"line":3,"column":67}},"2":{"start":{"line":5,"column":13},"end":{"line":5,"column":69}},"3":{"start":{"line":6,"column":13},"end":{"line":6,"column":80}},"4":{"start":{"line":8,"column":13},"end":{"line":8,"column":38}},"5":{"start":{"line":10,"column":13},"end":{"line":10,"column":null}},"6":{"start":{"line":12,"column":13},"end":{"line":12,"column":null}}},"fnMap":{},"branchMap":{},"s":{"0":12,"1":12,"2":12,"3":12,"4":12,"5":12,"6":12},"f":{},"b":{}}
,"/home/b4knamy/docker/oculos-de-fabrica-project/frontend/src/settings/glass/warnings.ts": {"path":"/home/b4knamy/docker/oculos-de-fabrica-project/frontend/src/settings/glass/warnings.ts","statementMap":{"0":{"start":{"line":1,"column":0},"end":{"line":1,"column":68}},"1":{"start":{"line":3,"column":13},"end":{"line":3,"column":97}},"2":{"start":{"line":5,"column":13},"end":{"line":5,"column":108}},"3":{"start":{"line":7,"column":13},"end":{"line":8,"column":51}},"4":{"start":{"line":10,"column":13},"end":{"line":11,"column":55}},"5":{"start":{"line":13,"column":13},"end":{"line":14,"column":55}},"6":{"start":{"line":16,"column":13},"end":{"line":17,"column":55}},"7":{"start":{"line":19,"column":13},"end":{"line":20,"column":54}},"8":{"start":{"line":22,"column":13},"end":{"line":22,"column":74}},"9":{"start":{"line":24,"column":13},"end":{"line":24,"column":77}},"10":{"start":{"line":26,"column":13},"end":{"line":27,"column":64}}},"fnMap":{},"branchMap":{},"s":{"0":1,"1":1,"2":1,"3":1,"4":1,"5":1,"6":1,"7":1,"8":1,"9":1,"10":1},"f":{},"b":{}}
,"/home/b4knamy/docker/oculos-de-fabrica-project/frontend/src/settings/global/urls.ts": {"path":"/home/b4knamy/docker/oculos-de-fabrica-project/frontend/src/settings/global/urls.ts","statementMap":{"0":{"start":{"line":1,"column":13},"end":{"line":1,"column":58}},"1":{"start":{"line":2,"column":13},"end":{"line":2,"column":56}},"2":{"start":{"line":3,"column":13},"end":{"line":3,"column":50}},"3":{"start":{"line":5,"column":13},"end":{"line":5,"column":68}}},"fnMap":{},"branchMap":{},"s":{"0":12,"1":12,"2":12,"3":12},"f":{},"b":{}}
,"/home/b4knamy/docker/oculos-de-fabrica-project/frontend/src/settings/home/urls.ts": {"path":"/home/b4knamy/docker/oculos-de-fabrica-project/frontend/src/settings/home/urls.ts","statementMap":{"0":{"start":{"line":1,"column":0},"end":{"line":1,"column":48}},"1":{"start":{"line":3,"column":13},"end":{"line":3,"column":78}},"2":{"start":{"line":5,"column":13},"end":{"line":5,"column":42}},"3":{"start":{"line":7,"column":13},"end":{"line":7,"column":33}}},"fnMap":{},"branchMap":{},"s":{"0":4,"1":4,"2":4,"3":4},"f":{},"b":{}}
,"/home/b4knamy/docker/oculos-de-fabrica-project/frontend/src/settings/partials/configs.ts": {"path":"/home/b4knamy/docker/oculos-de-fabrica-project/frontend/src/settings/partials/configs.ts","statementMap":{"0":{"start":{"line":1,"column":13},"end":{"line":2,"column":52}}},"fnMap":{},"branchMap":{},"s":{"0":5},"f":{},"b":{}}
,"/home/b4knamy/docker/oculos-de-fabrica-project/frontend/src/settings/search/configs.ts": {"path":"/home/b4knamy/docker/oculos-de-fabrica-project/frontend/src/settings/search/configs.ts","statementMap":{"0":{"start":{"line":2,"column":13},"end":{"line":6,"column":2}},"1":{"start":{"line":8,"column":13},"end":{"line":8,"column":50}},"2":{"start":{"line":10,"column":13},"end":{"line":10,"column":38}},"3":{"start":{"line":11,"column":13},"end":{"line":11,"column":41}},"4":{"start":{"line":12,"column":13},"end":{"line":12,"column":40}},"5":{"start":{"line":13,"column":13},"end":{"line":13,"column":43}},"6":{"start":{"line":14,"column":13},"end":{"line":14,"column":43}},"7":{"start":{"line":15,"column":13},"end":{"line":15,"column":null}},"8":{"start":{"line":16,"column":13},"end":{"line":16,"column":null}},"9":{"start":{"line":17,"column":13},"end":{"line":17,"column":null}}},"fnMap":{},"branchMap":{},"s":{"0":4,"1":4,"2":4,"3":4,"4":4,"5":4,"6":4,"7":4,"8":4,"9":4},"f":{},"b":{}}
,"/home/b4knamy/docker/oculos-de-fabrica-project/frontend/src/settings/search/urls.ts": {"path":"/home/b4knamy/docker/oculos-de-fabrica-project/frontend/src/settings/search/urls.ts","statementMap":{"0":{"start":{"line":1,"column":0},"end":{"line":1,"column":48}},"1":{"start":{"line":3,"column":13},"end":{"line":3,"column":61}},"2":{"start":{"line":5,"column":13},"end":{"line":5,"column":71}},"3":{"start":{"line":7,"column":13},"end":{"line":7,"column":43}}},"fnMap":{},"branchMap":{},"s":{"0":12,"1":12,"2":12,"3":12},"f":{},"b":{}}
,"/home/b4knamy/docker/oculos-de-fabrica-project/frontend/src/settings/styles/default.ts": {"path":"/home/b4knamy/docker/oculos-de-fabrica-project/frontend/src/settings/styles/default.ts","statementMap":{"0":{"start":{"line":1,"column":0},"end":{"line":1,"column":40}},"1":{"start":{"line":3,"column":13},"end":{"line":6,"column":2}},"2":{"start":{"line":8,"column":13},"end":{"line":16,"column":2}}},"fnMap":{},"branchMap":{},"s":{"0":5,"1":5,"2":5},"f":{},"b":{}}
,"/home/b4knamy/docker/oculos-de-fabrica-project/frontend/src/settings/styles/utils.ts": {"path":"/home/b4knamy/docker/oculos-de-fabrica-project/frontend/src/settings/styles/utils.ts","statementMap":{"0":{"start":{"line":1,"column":0},"end":{"line":1,"column":40}},"1":{"start":{"line":3,"column":36},"end":{"line":6,"column":2}},"2":{"start":{"line":3,"column":67},"end":{"line":6,"column":2}},"3":{"start":{"line":3,"column":13},"end":{"line":3,"column":36}},"4":{"start":{"line":8,"column":23},"end":{"line":12,"column":2}},"5":{"start":{"line":8,"column":59},"end":{"line":12,"column":2}},"6":{"start":{"line":8,"column":13},"end":{"line":8,"column":23}},"7":{"start":{"line":14,"column":32},"end":{"line":23,"column":2}},"8":{"start":{"line":18,"column":5},"end":{"line":23,"column":2}},"9":{"start":{"line":14,"column":13},"end":{"line":14,"column":32}}},"fnMap":{"0":{"name":"(anonymous_0)","decl":{"start":{"line":3,"column":36},"end":{"line":3,"column":37}},"loc":{"start":{"line":3,"column":67},"end":{"line":6,"column":2}}},"1":{"name":"(anonymous_1)","decl":{"start":{"line":8,"column":23},"end":{"line":8,"column":24}},"loc":{"start":{"line":8,"column":59},"end":{"line":12,"column":2}}},"2":{"name":"(anonymous_2)","decl":{"start":{"line":14,"column":32},"end":{"line":14,"column":null}},"loc":{"start":{"line":18,"column":5},"end":{"line":23,"column":2}}}},"branchMap":{"0":{"loc":{"start":{"line":3,"column":37},"end":{"line":3,"column":62}},"type":"default-arg","locations":[{"start":{"line":3,"column":57},"end":{"line":3,"column":62}}]}},"s":{"0":11,"1":11,"2":23,"3":11,"4":11,"5":20,"6":11,"7":11,"8":46,"9":11},"f":{"0":23,"1":20,"2":46},"b":{"0":[0]}}
,"/home/b4knamy/docker/oculos-de-fabrica-project/frontend/src/settings/warnings/comments.ts": {"path":"/home/b4knamy/docker/oculos-de-fabrica-project/frontend/src/settings/warnings/comments.ts","statementMap":{"0":{"start":{"line":1,"column":13},"end":{"line":2,"column":null}},"1":{"start":{"line":4,"column":13},"end":{"line":5,"column":null}}},"fnMap":{},"branchMap":{},"s":{"0":1,"1":1},"f":{},"b":{}}
,"/home/b4knamy/docker/oculos-de-fabrica-project/frontend/src/utils/cart.ts": {"path":"/home/b4knamy/docker/oculos-de-fabrica-project/frontend/src/utils/cart.ts","statementMap":{"0":{"start":{"line":4,"column":0},"end":{"line":4,"column":24}},"1":{"start":{"line":8,"column":2},"end":{"line":17,"column":4}}},"fnMap":{"0":{"name":"createCartObj","decl":{"start":{"line":4,"column":24},"end":{"line":4,"column":37}},"loc":{"start":{"line":6,"column":28},"end":{"line":18,"column":1}}}},"branchMap":{"0":{"loc":{"start":{"line":6,"column":2},"end":{"line":6,"column":28}},"type":"default-arg","locations":[{"start":{"line":6,"column":23},"end":{"line":6,"column":28}}]}},"s":{"0":4,"1":0},"f":{"0":0},"b":{"0":[0]}}
,"/home/b4knamy/docker/oculos-de-fabrica-project/frontend/src/utils/customError.ts": {"path":"/home/b4knamy/docker/oculos-de-fabrica-project/frontend/src/utils/customError.ts","statementMap":{"0":{"start":{"line":11,"column":4},"end":{"line":11,"column":25}},"1":{"start":{"line":12,"column":4},"end":{"line":12,"column":27}},"2":{"start":{"line":14,"column":4},"end":{"line":14,"column":54}},"3":{"start":{"line":18,"column":4},"end":{"line":23,"column":null}},"4":{"start":{"line":3,"column":0},"end":{"line":3,"column":21}}},"fnMap":{"0":{"name":"(anonymous_0)","decl":{"start":{"line":7,"column":2},"end":{"line":7,"column":null}},"loc":{"start":{"line":9,"column":19},"end":{"line":15,"column":3}}},"1":{"name":"(anonymous_1)","decl":{"start":{"line":17,"column":2},"end":{"line":17,"column":14}},"loc":{"start":{"line":17,"column":77},"end":{"line":24,"column":3}}}},"branchMap":{},"s":{"0":0,"1":0,"2":0,"3":0,"4":1},"f":{"0":0,"1":0},"b":{}}
}
