TN:
SF:src/animations/cartAdd /cartAdd.style.ts
FNF:0
FNH:0
DA:1,1
DA:2,1
DA:4,1
DA:29,1
DA:37,1
DA:52,1
LF:6
LH:6
BRF:0
BRH:0
end_of_record
TN:
SF:src/animations/cartAdd /cartAdd.tsx
FN:5,CartAddedAnimation
FN:10,(anonymous_2)
FN:13,(anonymous_3)
FN:23,(anonymous_4)
FN:26,(anonymous_5)
FN:28,(anonymous_6)
FN:35,(anonymous_7)
FN:44,(anonymous_8)
FN:52,CartAnimation
FNF:9
FNH:0
FNDA:0,CartAddedAnimation
FNDA:0,(anonymous_2)
FNDA:0,(anonymous_3)
FNDA:0,(anonymous_4)
FNDA:0,(anonymous_5)
FNDA:0,(anonymous_6)
FNDA:0,(anonymous_7)
FNDA:0,(anonymous_8)
FNDA:0,CartAnimation
DA:1,1
DA:2,1
DA:3,1
DA:5,1
DA:6,0
DA:7,0
DA:8,0
DA:10,0
DA:11,0
DA:12,0
DA:13,0
DA:14,0
DA:18,0
DA:23,0
DA:25,0
DA:26,0
DA:28,0
DA:29,0
DA:30,0
DA:31,0
DA:35,0
DA:40,0
DA:42,0
DA:45,0
DA:54,0
LF:25
LH:4
BRDA:11,0,0,0
BRDA:11,1,0,0
BRDA:11,1,1,0
BRDA:25,2,0,0
BRDA:25,3,0,0
BRDA:25,3,1,0
BRDA:40,4,0,0
BRF:7
BRH:0
end_of_record
TN:
SF:src/animations/productsLoading/loading.style.ts
FNF:0
FNH:0
DA:1,2
DA:2,2
DA:4,2
DA:19,2
LF:4
LH:4
BRF:0
BRH:0
end_of_record
TN:
SF:src/animations/productsLoading/loading.tsx
FN:3,LoadingProducts
FNF:1
FNH:1
FNDA:2,LoadingProducts
DA:1,2
DA:3,2
DA:4,2
LF:3
LH:3
BRF:0
BRH:0
end_of_record
TN:
SF:src/components/glasses/index.style.ts
FNF:0
FNH:0
DA:1,2
DA:2,2
DA:3,2
DA:5,2
DA:15,2
LF:5
LH:5
BRF:0
BRH:0
end_of_record
TN:
SF:src/components/glasses/index.tsx
FN:13,Glasses
FN:22,GlassesPage
FN:29,(anonymous_10)
FN:31,(anonymous_11)
FN:31,(anonymous_12)
FNF:5
FNH:4
FNDA:0,Glasses
FNDA:2,GlassesPage
FNDA:1,(anonymous_10)
FNDA:1,(anonymous_11)
FNDA:1,(anonymous_12)
DA:1,1
DA:2,1
DA:3,1
DA:4,1
DA:5,1
DA:6,1
DA:8,1
DA:9,1
DA:10,1
DA:11,1
DA:13,1
DA:14,0
DA:22,1
DA:23,2
DA:24,2
DA:28,2
DA:29,2
DA:30,1
DA:31,1
DA:32,1
DA:33,0
DA:34,0
DA:38,1
DA:39,1
DA:40,1
DA:43,0
DA:44,0
DA:46,0
DA:50,2
DA:51,1
DA:54,1
DA:56,1
DA:57,0
DA:61,1
LF:34
LH:27
BRDA:32,0,0,0
BRDA:43,1,0,0
BRDA:50,2,0,1
BRDA:56,3,0,0
BRDA:67,4,0,0
BRDA:67,4,1,1
BRF:6
BRH:2
end_of_record
TN:
SF:src/components/glasses/components/colors.tsx
FN:4,GlassesColors
FN:8,(anonymous_1)
FNF:2
FNH:2
FNDA:3,GlassesColors
FNDA:9,(anonymous_1)
DA:4,3
DA:5,3
DA:10,9
LF:3
LH:3
BRDA:4,0,0,0
BRF:1
BRH:0
end_of_record
TN:
SF:src/components/glasses/components/details.tsx
FN:8,(anonymous_1)
FNF:1
FNH:1
FNDA:2,(anonymous_1)
DA:2,2
DA:3,2
DA:4,2
DA:6,2
DA:8,2
DA:9,2
DA:48,2
LF:7
LH:7
BRDA:12,0,0,2
BRDA:12,0,1,0
BRF:2
BRH:1
end_of_record
TN:
SF:src/components/glasses/components/comments/comments.style.ts
FNF:0
FNH:0
DA:1,1
DA:3,1
LF:2
LH:2
BRF:0
BRH:0
end_of_record
TN:
SF:src/components/glasses/components/comments/comments.tsx
FN:11,Comments
FN:18,(anonymous_2)
FN:37,(anonymous_3)
FNF:3
FNH:3
FNDA:2,Comments
FNDA:1,(anonymous_2)
FNDA:1,(anonymous_3)
DA:2,1
DA:3,1
DA:5,1
DA:6,1
DA:7,1
DA:11,1
DA:12,2
DA:18,2
DA:19,1
DA:25,2
DA:37,1
DA:38,1
DA:40,1
LF:13
LH:13
BRDA:43,0,0,1
BRDA:43,0,1,0
BRF:2
BRH:1
end_of_record
TN:
SF:src/components/glasses/components/comments/setting.tsx
FN:6,DeleteCommentOption
FN:11,(anonymous_9)
FN:16,(anonymous_10)
FN:26,(anonymous_11)
FN:33,(anonymous_12)
FN:33,(anonymous_13)
FNF:6
FNH:0
FNDA:0,DeleteCommentOption
FNDA:0,(anonymous_9)
FNDA:0,(anonymous_10)
FNDA:0,(anonymous_11)
FNDA:0,(anonymous_12)
FNDA:0,(anonymous_13)
DA:1,1
DA:2,1
DA:3,1
DA:4,1
DA:6,1
DA:8,0
DA:9,0
DA:11,0
DA:12,0
DA:14,0
DA:15,0
DA:17,0
DA:22,0
DA:24,0
DA:27,0
DA:28,0
DA:33,0
DA:34,0
DA:44,0
DA:45,0
DA:49,0
LF:21
LH:5
BRDA:14,0,0,0
BRDA:22,1,0,0
BRDA:44,2,0,0
BRF:3
BRH:0
end_of_record
TN:
SF:src/components/glasses/components/comments/components/comments/listcomment/helpers.ts
FN:4,fetchComments
FNF:1
FNH:1
FNDA:1,fetchComments
DA:1,1
DA:4,1
DA:10,1
DA:11,1
DA:13,0
DA:14,0
DA:17,0
LF:7
LH:4
BRDA:13,0,0,0
BRF:1
BRH:0
end_of_record
TN:
SF:src/components/glasses/components/comments/components/comments/listcomment/listcomment.style.ts
FN:101,(anonymous_6)
FNF:1
FNH:0
FNDA:0,(anonymous_6)
DA:1,1
DA:2,1
DA:8,1
DA:21,1
DA:26,1
DA:34,1
DA:45,1
DA:54,1
DA:58,1
DA:76,1
DA:79,1
DA:95,1
DA:102,0
DA:116,1
DA:122,1
LF:15
LH:14
BRDA:102,0,0,0
BRDA:102,0,1,0
BRF:2
BRH:0
end_of_record
TN:
SF:src/components/glasses/components/comments/components/comments/listcomment/listcomments.tsx
FN:22,ListComments
FN:35,(anonymous_9)
FN:39,(anonymous_10)
FN:39,(anonymous_11)
FN:46,(anonymous_12)
FN:67,(anonymous_13)
FN:91,ListComment
FN:114,(anonymous_15)
FN:155,(anonymous_16)
FNF:9
FNH:4
FNDA:2,ListComments
FNDA:1,(anonymous_9)
FNDA:1,(anonymous_10)
FNDA:1,(anonymous_11)
FNDA:0,(anonymous_12)
FNDA:0,(anonymous_13)
FNDA:0,ListComment
FNDA:0,(anonymous_15)
FNDA:0,(anonymous_16)
DA:1,1
DA:12,1
DA:13,1
DA:15,1
DA:16,1
DA:17,1
DA:18,1
DA:19,1
DA:20,1
DA:22,1
DA:31,2
DA:32,2
DA:33,2
DA:34,2
DA:35,2
DA:36,1
DA:39,2
DA:40,1
DA:41,1
DA:42,1
DA:43,0
DA:44,0
DA:46,0
DA:47,0
DA:48,0
DA:52,0
DA:53,0
DA:56,0
DA:60,2
DA:68,0
DA:103,0
DA:105,0
DA:107,0
DA:109,0
DA:115,0
DA:157,0
LF:36
LH:21
BRDA:34,0,0,2
BRDA:34,0,1,0
BRDA:43,1,0,0
BRDA:52,2,0,0
BRDA:63,3,0,0
BRDA:63,3,1,2
BRDA:72,4,0,0
BRDA:72,4,1,0
BRDA:76,5,0,0
BRDA:76,5,1,0
BRDA:105,6,0,0
BRDA:119,7,0,0
BRDA:119,7,1,0
BRDA:131,8,0,0
BRDA:131,8,1,0
BRDA:131,9,0,0
BRDA:131,9,1,0
BRDA:131,10,0,0
BRDA:131,10,1,0
BRDA:135,11,0,0
BRDA:135,11,1,0
BRDA:135,12,0,0
BRDA:135,12,1,0
BRDA:135,13,0,0
BRDA:135,13,1,0
BRDA:135,14,0,0
BRDA:135,14,1,0
BRDA:135,15,0,0
BRDA:135,15,1,0
BRDA:152,16,0,0
BRDA:152,16,1,0
BRF:31
BRH:2
end_of_record
TN:
SF:src/components/glasses/components/comments/components/filters/filter.style.ts
FNF:0
FNH:0
DA:1,1
DA:3,1
DA:7,1
LF:3
LH:3
BRF:0
BRH:0
end_of_record
TN:
SF:src/components/glasses/components/comments/components/filters/filter.tsx
FN:10,(anonymous_0)
FN:17,(anonymous_1)
FN:21,(anonymous_2)
FNF:3
FNH:0
FNDA:0,(anonymous_0)
FNDA:0,(anonymous_1)
FNDA:0,(anonymous_2)
DA:1,1
DA:2,1
DA:10,1
DA:13,0
DA:14,0
DA:18,0
DA:20,0
DA:21,0
DA:22,0
DA:40,1
LF:10
LH:4
BRDA:18,0,0,0
BRDA:18,1,0,0
BRDA:18,1,1,0
BRF:3
BRH:0
end_of_record
TN:
SF:src/components/glasses/components/comments/components/makecomment/helpers.ts
FN:27,(anonymous_8)
FN:59,formValidator
FN:127,CommentFormResolver
FN:148,performPostComment
FN:197,performAddCommentCreated
FN:206,(anonymous_14)
FN:213,createCommentObj
FN:244,commentCreatedAt
FN:261,createImagesCommentObj
FN:264,(anonymous_18)
FN:276,performSaveCurrentCommentDataIfFails
FN:288,(anonymous_20)
FNF:12
FNH:0
FNDA:0,(anonymous_8)
FNDA:0,formValidator
FNDA:0,CommentFormResolver
FNDA:0,performPostComment
FNDA:0,performAddCommentCreated
FNDA:0,(anonymous_14)
FNDA:0,createCommentObj
FNDA:0,commentCreatedAt
FNDA:0,createImagesCommentObj
FNDA:0,(anonymous_18)
FNDA:0,performSaveCurrentCommentDataIfFails
FNDA:0,(anonymous_20)
DA:2,1
DA:8,1
DA:23,1
DA:24,1
DA:25,1
DA:27,1
DA:33,0
DA:34,0
DA:35,0
DA:36,0
DA:37,0
DA:38,0
DA:39,0
DA:40,0
DA:41,0
DA:42,0
DA:44,0
DA:46,0
DA:55,0
DA:59,1
DA:63,0
DA:65,0
DA:67,0
DA:68,0
DA:69,0
DA:74,0
DA:75,0
DA:77,0
DA:80,0
DA:81,0
DA:82,0
DA:83,0
DA:84,0
DA:85,0
DA:87,0
DA:90,0
DA:91,0
DA:92,0
DA:93,0
DA:94,0
DA:96,0
DA:99,0
DA:100,0
DA:101,0
DA:102,0
DA:103,0
DA:105,0
DA:107,0
DA:113,0
DA:119,0
DA:121,0
DA:122,0
DA:124,0
DA:127,1
DA:134,0
DA:136,0
DA:137,0
DA:138,0
DA:139,0
DA:141,0
DA:145,0
DA:148,1
DA:155,0
DA:161,0
DA:170,0
DA:171,0
DA:173,0
DA:174,0
DA:180,0
DA:181,0
DA:182,0
DA:183,0
DA:186,0
DA:190,0
DA:191,0
DA:194,0
DA:197,1
DA:204,0
DA:206,0
DA:207,0
DA:209,0
DA:219,0
DA:222,0
DA:240,0
DA:241,0
DA:245,0
DA:248,0
DA:249,0
DA:252,0
DA:253,0
DA:254,0
DA:257,0
DA:259,0
DA:262,0
DA:263,0
DA:264,0
DA:265,0
DA:273,0
DA:276,1
DA:280,0
DA:287,0
DA:288,0
DA:289,0
LF:103
LH:11
BRDA:31,0,0,0
BRDA:33,1,0,0
BRDA:33,1,1,0
BRDA:67,2,0,0
BRDA:69,3,0,0
BRDA:70,4,0,0
BRDA:70,4,1,0
BRDA:70,4,2,0
BRDA:80,5,0,0
BRDA:83,6,0,0
BRDA:83,7,0,0
BRDA:83,7,1,0
BRDA:83,7,2,0
BRDA:90,8,0,0
BRDA:92,9,0,0
BRDA:92,10,0,0
BRDA:92,10,1,0
BRDA:99,11,0,0
BRDA:101,12,0,0
BRDA:101,13,0,0
BRDA:101,13,1,0
BRDA:107,14,0,0
BRDA:108,15,0,0
BRDA:108,15,1,0
BRDA:108,15,2,0
BRDA:108,15,3,0
BRDA:136,16,0,0
BRDA:137,17,0,0
BRDA:137,17,1,0
BRDA:137,18,0,0
BRDA:137,18,1,0
BRDA:137,19,0,0
BRDA:137,19,1,0
BRDA:137,20,0,0
BRDA:137,20,1,0
BRDA:137,21,0,0
BRDA:137,21,1,0
BRDA:164,22,0,0
BRDA:164,22,1,0
BRDA:164,23,0,0
BRDA:164,23,1,0
BRDA:164,24,0,0
BRDA:164,24,1,0
BRDA:170,25,0,0
BRDA:173,26,0,0
BRDA:180,27,0,0
BRDA:190,28,0,0
BRDA:219,29,0,0
BRDA:219,29,1,0
BRDA:219,30,0,0
BRDA:219,30,1,0
BRDA:219,31,0,0
BRDA:219,31,1,0
BRDA:262,32,0,0
BRDA:262,33,0,0
BRDA:262,33,1,0
BRDA:281,34,0,0
BRDA:281,34,1,0
BRDA:281,35,0,0
BRDA:281,35,1,0
BRDA:281,36,0,0
BRDA:281,36,1,0
BRDA:281,37,0,0
BRDA:281,37,1,0
BRDA:283,38,0,0
BRDA:283,38,1,0
BRDA:283,39,0,0
BRDA:283,39,1,0
BRDA:283,40,0,0
BRDA:283,40,1,0
BRDA:284,41,0,0
BRDA:284,41,1,0
BRDA:284,42,0,0
BRDA:284,42,1,0
BRDA:284,43,0,0
BRDA:284,43,1,0
BRDA:284,44,0,0
BRDA:284,44,1,0
BRDA:285,45,0,0
BRDA:285,45,1,0
BRDA:285,46,0,0
BRDA:285,46,1,0
BRDA:285,47,0,0
BRDA:285,47,1,0
BRDA:285,48,0,0
BRDA:285,48,1,0
BRF:86
BRH:0
end_of_record
TN:
SF:src/components/glasses/components/comments/components/makecomment/hook.ts
FN:5,useMakeComment
FN:14,(anonymous_1)
FN:26,updateComment
FNF:3
FNH:0
FNDA:0,useMakeComment
FNDA:0,(anonymous_1)
FNDA:0,updateComment
DA:1,1
DA:3,1
DA:5,1
DA:6,0
DA:7,0
DA:8,0
DA:9,0
DA:10,0
DA:11,0
DA:12,0
DA:14,0
DA:15,0
DA:16,0
DA:17,0
DA:28,0
DA:35,0
DA:37,0
LF:17
LH:3
BRDA:15,0,0,0
BRDA:15,1,0,0
BRDA:15,1,1,0
BRDA:15,2,0,0
BRDA:15,2,1,0
BRDA:16,3,0,0
BRDA:29,4,0,0
BRDA:29,4,1,0
BRDA:29,5,0,0
BRDA:29,5,1,0
BRDA:29,6,0,0
BRDA:29,6,1,0
BRDA:29,7,0,0
BRDA:29,7,1,0
BRDA:30,8,0,0
BRDA:30,8,1,0
BRDA:30,9,0,0
BRDA:30,9,1,0
BRDA:30,10,0,0
BRDA:30,10,1,0
BRDA:31,11,0,0
BRDA:31,11,1,0
BRDA:31,12,0,0
BRDA:31,12,1,0
BRDA:31,13,0,0
BRDA:31,13,1,0
BRDA:31,14,0,0
BRDA:31,14,1,0
BRDA:32,15,0,0
BRDA:32,15,1,0
BRDA:32,16,0,0
BRDA:32,16,1,0
BRDA:32,17,0,0
BRDA:32,17,1,0
BRDA:32,18,0,0
BRDA:32,18,1,0
BRF:36
BRH:0
end_of_record
TN:
SF:src/components/glasses/components/comments/components/makecomment/makecomment.style.ts
FNF:0
FNH:0
DA:1,1
DA:2,1
DA:4,1
LF:3
LH:3
BRF:0
BRH:0
end_of_record
TN:
SF:src/components/glasses/components/comments/components/makecomment/makecomment.tsx
FN:14,MakeComment
FN:27,(anonymous_9)
FN:27,(anonymous_10)
FN:86,(anonymous_11)
FN:94,(anonymous_12)
FN:102,(anonymous_13)
FNF:6
FNH:0
FNDA:0,MakeComment
FNDA:0,(anonymous_9)
FNDA:0,(anonymous_10)
FNDA:0,(anonymous_11)
FNDA:0,(anonymous_12)
FNDA:0,(anonymous_13)
DA:1,1
DA:2,1
DA:3,1
DA:4,1
DA:9,1
DA:10,1
DA:12,1
DA:14,1
DA:24,0
DA:25,0
DA:27,0
DA:28,0
DA:29,0
DA:30,0
DA:31,0
DA:34,0
DA:35,0
DA:43,0
DA:44,0
DA:46,0
DA:47,0
DA:54,0
DA:59,0
DA:60,0
DA:62,0
DA:64,0
DA:68,0
DA:87,0
DA:95,0
DA:103,0
LF:30
LH:8
BRDA:29,0,0,0
BRDA:43,1,0,0
BRDA:43,2,0,0
BRDA:43,2,1,0
BRDA:43,3,0,0
BRDA:43,3,1,0
BRDA:46,4,0,0
BRDA:59,5,0,0
BRDA:59,5,1,0
BRF:9
BRH:0
end_of_record
TN:
SF:src/components/glasses/components/comments/components/makecomment/makecommentwrapper.tsx
FN:16,MakeCommentWrapper
FN:37,(anonymous_2)
FN:45,(anonymous_3)
FNF:3
FNH:0
FNDA:0,MakeCommentWrapper
FNDA:0,(anonymous_2)
FNDA:0,(anonymous_3)
DA:1,1
DA:2,1
DA:3,1
DA:5,1
DA:6,1
DA:7,1
DA:16,1
DA:17,0
DA:18,0
DA:19,0
DA:20,0
DA:27,0
DA:28,0
DA:33,0
DA:34,0
DA:37,0
DA:42,0
DA:43,0
DA:46,0
DA:47,0
DA:52,0
LF:21
LH:7
BRDA:27,0,0,0
BRDA:33,1,0,0
BRDA:42,2,0,0
BRF:3
BRH:0
end_of_record
TN:
SF:src/components/glasses/components/comments/components/makecomment/commentform/commentform.style.ts
FNF:0
FNH:0
DA:1,1
DA:2,1
DA:4,1
DA:13,1
DA:26,1
DA:40,1
LF:6
LH:6
BRF:0
BRH:0
end_of_record
TN:
SF:src/components/glasses/components/comments/components/makecomment/commentform/commentform.tsx
FN:5,CommentForm
FNF:1
FNH:0
FNDA:0,CommentForm
DA:1,1
DA:3,1
DA:5,1
DA:12,0
LF:4
LH:3
BRF:0
BRH:0
end_of_record
TN:
SF:src/components/glasses/components/comments/components/makecomment/commentform/images/helpers.ts
FN:13,(anonymous_0)
FN:17,(anonymous_1)
FNF:2
FNH:0
FNDA:0,(anonymous_0)
FNDA:0,(anonymous_1)
DA:2,1
DA:6,1
DA:12,1
DA:13,1
DA:17,0
DA:18,0
DA:22,0
DA:23,0
DA:24,0
DA:25,0
DA:28,0
DA:29,0
DA:30,0
DA:31,0
DA:33,0
DA:34,0
DA:35,0
DA:39,0
DA:40,0
DA:41,0
LF:20
LH:4
BRDA:18,0,0,0
BRDA:19,1,0,0
BRDA:19,1,1,0
BRDA:23,2,0,0
BRDA:29,3,0,0
BRDA:33,4,0,0
BRDA:33,5,0,0
BRDA:33,5,1,0
BRF:8
BRH:0
end_of_record
TN:
SF:src/components/glasses/components/comments/components/makecomment/commentform/images/image.tsx
FN:7,ImagesForm
FN:11,performErrorHandler
FN:32,(anonymous_2)
FNF:3
FNH:0
FNDA:0,ImagesForm
FNDA:0,performErrorHandler
FNDA:0,(anonymous_2)
DA:1,1
DA:2,1
DA:4,1
DA:5,1
DA:7,1
DA:8,0
DA:9,0
DA:12,0
DA:13,0
DA:16,0
DA:17,0
DA:24,0
DA:33,0
LF:13
LH:5
BRDA:16,0,0,0
BRF:1
BRH:0
end_of_record
TN:
SF:src/components/glasses/components/comments/components/makecomment/shortreview/shortreview.style.ts
FNF:0
FNH:0
DA:1,1
DA:2,1
DA:7,1
DA:20,1
LF:4
LH:4
BRF:0
BRH:0
end_of_record
TN:
SF:src/components/glasses/components/comments/components/makecomment/shortreview/shortreview.tsx
FN:8,ShortProductReview
FN:34,(anonymous_2)
FNF:2
FNH:0
FNDA:0,ShortProductReview
FNDA:0,(anonymous_2)
DA:2,1
DA:3,1
DA:5,1
DA:6,1
DA:8,1
DA:15,0
DA:35,0
LF:7
LH:5
BRDA:18,0,0,0
BRDA:18,0,1,0
BRDA:18,1,0,0
BRDA:18,1,1,0
BRDA:18,2,0,0
BRDA:18,2,1,0
BRDA:19,3,0,0
BRDA:19,3,1,0
BRDA:19,4,0,0
BRDA:19,4,1,0
BRF:10
BRH:0
end_of_record
TN:
SF:src/components/glasses/components/comments/components/makecomment/shortreview/stars/helpers.ts
FN:4,(anonymous_0)
FN:5,(anonymous_1)
FN:10,(anonymous_2)
FN:14,(anonymous_3)
FNF:4
FNH:0
FNDA:0,(anonymous_0)
FNDA:0,(anonymous_1)
FNDA:0,(anonymous_2)
FNDA:0,(anonymous_3)
DA:3,1
DA:4,1
DA:5,0
DA:6,0
DA:9,1
DA:10,1
DA:14,0
DA:15,0
LF:8
LH:4
BRF:0
BRH:0
end_of_record
TN:
SF:src/components/glasses/components/comments/components/makecomment/shortreview/stars/stars.tsx
FN:6,StarSelection
FN:16,(anonymous_1)
FNF:2
FNH:0
FNDA:0,StarSelection
FNDA:0,(anonymous_1)
DA:1,1
DA:2,1
DA:4,1
DA:6,1
DA:10,0
DA:11,0
DA:12,0
DA:17,0
LF:8
LH:4
BRDA:24,0,0,0
BRDA:24,0,1,0
BRDA:24,1,0,0
BRDA:24,1,1,0
BRDA:32,2,0,0
BRDA:32,2,1,0
BRDA:34,3,0,0
BRDA:34,3,1,0
BRF:8
BRH:0
end_of_record
TN:
SF:src/components/glasses/components/comments/components/makecomment/warnings/defaultWarning.tsx
FN:4,DefaultWarningBody
FNF:1
FNH:0
FNDA:0,DefaultWarningBody
DA:1,1
DA:2,1
DA:4,1
DA:17,0
LF:4
LH:3
BRDA:29,0,0,0
BRDA:29,0,1,0
BRF:2
BRH:0
end_of_record
TN:
SF:src/components/glasses/components/comments/components/makecomment/warnings/warnings.style.ts
FN:8,(anonymous_1)
FN:14,(anonymous_2)
FN:15,(anonymous_3)
FN:41,(anonymous_4)
FNF:4
FNH:0
FNDA:0,(anonymous_1)
FNDA:0,(anonymous_2)
FNDA:0,(anonymous_3)
FNDA:0,(anonymous_4)
DA:1,1
DA:2,1
DA:4,1
DA:8,0
DA:11,1
DA:14,0
DA:15,0
DA:19,1
DA:27,1
DA:34,1
DA:41,0
LF:11
LH:7
BRF:0
BRH:0
end_of_record
TN:
SF:src/components/glasses/components/comments/components/makecomment/warnings/commentCreatedWarning/createdwarning.tsx
FN:5,SucessfullyCommentCreatedWarning
FNF:1
FNH:0
FNDA:0,SucessfullyCommentCreatedWarning
DA:2,1
DA:3,1
DA:5,1
DA:11,0
LF:4
LH:3
BRDA:19,0,0,0
BRDA:19,0,1,0
BRF:2
BRH:0
end_of_record
TN:
SF:src/components/glasses/components/comments/components/makecomment/warnings/loginRequired/confirm.tsx
FN:5,LoginRequiredWarning
FN:14,(anonymous_2)
FN:17,(anonymous_3)
FNF:3
FNH:0
FNDA:0,LoginRequiredWarning
FNDA:0,(anonymous_2)
FNDA:0,(anonymous_3)
DA:1,1
DA:2,1
DA:5,1
DA:12,0
DA:14,0
DA:15,0
DA:17,0
DA:18,0
DA:22,0
LF:9
LH:3
BRF:0
BRH:0
end_of_record
TN:
SF:src/components/glasses/components/comments/components/makecomment/warnings/validatorErrors/validatorError.tsx
FN:5,ErrorValidatorComment
FNF:1
FNH:0
FNDA:0,ErrorValidatorComment
DA:2,1
DA:5,1
DA:9,0
LF:3
LH:2
BRF:0
BRH:0
end_of_record
TN:
SF:src/components/glasses/components/comments/components/rating/rating.style.ts
FNF:0
FNH:0
DA:1,1
DA:2,1
DA:7,1
DA:15,1
DA:22,1
LF:5
LH:5
BRF:0
BRH:0
end_of_record
TN:
SF:src/components/glasses/components/comments/components/rating/rating.tsx
FN:5,(anonymous_0)
FN:11,(anonymous_1)
FNF:2
FNH:1
FNDA:1,(anonymous_0)
FNDA:0,(anonymous_1)
DA:2,1
DA:3,1
DA:5,1
DA:6,1
DA:12,0
DA:22,1
LF:6
LH:5
BRF:0
BRH:0
end_of_record
TN:
SF:src/components/glasses/components/description/description.style.ts
FNF:0
FNH:0
DA:1,2
DA:3,2
LF:2
LH:2
BRF:0
BRH:0
end_of_record
TN:
SF:src/components/glasses/components/description/description.tsx
FN:8,(anonymous_6)
FNF:1
FNH:1
FNDA:2,(anonymous_6)
DA:1,2
DA:3,2
DA:8,2
DA:9,2
DA:35,2
LF:5
LH:5
BRF:0
BRH:0
end_of_record
TN:
SF:src/components/glasses/components/description/table/helpers.ts
FN:4,arrTdResolver
FN:7,(anonymous_1)
FN:15,(anonymous_2)
FN:15,(anonymous_3)
FNF:4
FNH:3
FNDA:10,arrTdResolver
FNDA:30,(anonymous_1)
FNDA:4,(anonymous_2)
FNDA:0,(anonymous_3)
DA:4,2
DA:5,10
DA:7,10
DA:8,30
DA:11,10
DA:15,4
DA:16,0
DA:17,0
DA:19,0
DA:20,0
DA:21,0
DA:24,0
DA:25,0
LF:13
LH:6
BRDA:16,0,0,0
BRDA:19,1,0,0
BRF:2
BRH:0
end_of_record
TN:
SF:src/components/glasses/components/description/table/table.style.ts
FNF:0
FNH:0
DA:1,2
DA:2,2
DA:4,2
DA:9,2
LF:4
LH:4
BRF:0
BRH:0
end_of_record
TN:
SF:src/components/glasses/components/description/table/table.tsx
FN:6,TableRows
FN:15,DescriptionTableContainer
FN:38,EspecificationTableContainer
FNF:3
FNH:3
FNDA:30,TableRows
FNDA:2,DescriptionTableContainer
FNDA:2,EspecificationTableContainer
DA:1,2
DA:2,2
DA:3,2
DA:7,30
DA:15,2
DA:16,2
DA:18,2
DA:38,2
DA:39,2
DA:41,2
LF:10
LH:10
BRF:0
BRH:0
end_of_record
TN:
SF:src/components/glasses/components/images/image.style.ts
FNF:0
FNH:0
DA:1,2
DA:2,2
DA:4,2
DA:11,2
LF:4
LH:4
BRF:0
BRH:0
end_of_record
TN:
SF:src/components/glasses/components/images/image.tsx
FN:8,ImageView
FN:15,GlassesImageView
FNF:2
FNH:2
FNDA:4,ImageView
FNDA:2,GlassesImageView
DA:1,2
DA:2,2
DA:3,2
DA:4,2
DA:6,2
DA:8,2
DA:9,4
DA:10,0
DA:12,4
DA:15,2
DA:16,2
DA:18,2
LF:12
LH:11
BRDA:9,0,0,0
BRDA:9,1,0,0
BRDA:9,1,1,4
BRDA:9,2,0,4
BRDA:9,2,1,4
BRDA:16,3,0,2
BRDA:16,3,1,0
BRDA:20,4,0,2
BRDA:20,4,1,0
BRDA:24,5,0,0
BRDA:24,5,1,2
BRDA:24,6,0,2
BRDA:24,6,1,2
BRDA:25,7,0,0
BRDA:25,7,1,2
BRDA:25,8,0,2
BRDA:25,8,1,2
BRF:17
BRH:11
end_of_record
TN:
SF:src/components/glasses/components/images/components/helpers.ts
FN:1,hidePush
FN:7,showPush
FNF:2
FNH:0
FNDA:0,hidePush
FNDA:0,showPush
DA:1,2
DA:2,0
DA:3,0
DA:4,0
DA:7,2
DA:8,0
DA:9,0
DA:10,0
LF:8
LH:2
BRDA:2,0,0,0
BRDA:8,1,0,0
BRF:2
BRH:0
end_of_record
TN:
SF:src/components/glasses/components/images/components/viewer.style.ts
FN:24,(anonymous_1)
FN:37,(anonymous_2)
FN:41,(anonymous_3)
FNF:3
FNH:2
FNDA:0,(anonymous_1)
FNDA:2,(anonymous_2)
FNDA:2,(anonymous_3)
DA:1,2
DA:2,2
DA:8,2
DA:15,2
DA:24,0
DA:31,2
DA:37,2
DA:40,2
DA:41,2
LF:9
LH:8
BRDA:24,0,0,0
BRDA:24,0,1,0
BRDA:37,1,0,2
BRDA:37,1,1,0
BRDA:41,2,0,2
BRDA:41,2,1,0
BRF:6
BRH:2
end_of_record
TN:
SF:src/components/glasses/components/images/components/viewer.tsx
FN:12,ImagesViewer
FN:22,(anonymous_1)
FN:36,(anonymous_2)
FN:53,(anonymous_3)
FN:83,(anonymous_4)
FN:88,(anonymous_5)
FNF:6
FNH:3
FNDA:2,ImagesViewer
FNDA:2,(anonymous_1)
FNDA:0,(anonymous_2)
FNDA:0,(anonymous_3)
FNDA:2,(anonymous_4)
FNDA:0,(anonymous_5)
DA:1,2
DA:2,2
DA:3,2
DA:10,2
DA:12,2
DA:17,2
DA:18,2
DA:19,2
DA:20,2
DA:22,2
DA:23,2
DA:24,2
DA:26,0
DA:28,0
DA:31,0
DA:33,0
DA:34,0
DA:36,0
DA:37,0
DA:38,0
DA:40,0
DA:42,0
DA:44,0
DA:45,0
DA:48,0
DA:49,0
DA:53,0
DA:54,0
DA:55,0
DA:56,0
DA:57,0
DA:59,0
DA:60,0
DA:61,0
DA:62,0
DA:63,0
DA:66,0
DA:67,0
DA:72,2
DA:84,2
DA:89,0
LF:41
LH:14
BRDA:15,0,0,0
BRDA:23,1,0,2
BRDA:36,2,0,0
BRDA:36,2,1,0
BRDA:36,3,0,0
BRDA:36,3,1,0
BRDA:37,4,0,0
BRDA:44,5,0,0
BRDA:48,6,0,0
BRDA:53,7,0,0
BRDA:53,7,1,0
BRDA:53,8,0,0
BRDA:53,8,1,0
BRDA:54,9,0,0
BRDA:62,10,0,0
BRDA:66,11,0,0
BRDA:75,12,0,2
BRDA:75,12,1,0
BRDA:82,13,0,2
BRDA:82,13,1,0
BRDA:86,14,0,2
BRDA:86,14,1,0
BRDA:91,15,0,2
BRDA:91,15,1,0
BRDA:98,16,0,2
BRDA:98,16,1,0
BRF:26
BRH:6
end_of_record
TN:
SF:src/components/glasses/components/information/information.style.ts
FNF:0
FNH:0
DA:1,3
DA:2,3
DA:4,3
DA:15,3
DA:30,3
DA:32,3
DA:49,3
DA:51,3
LF:8
LH:8
BRF:0
BRH:0
end_of_record
TN:
SF:src/components/glasses/components/information/information.tsx
FN:9,(anonymous_7)
FN:42,(anonymous_8)
FNF:2
FNH:1
FNDA:3,(anonymous_7)
FNDA:0,(anonymous_8)
DA:1,3
DA:2,3
DA:3,3
DA:5,3
DA:6,3
DA:9,3
DA:17,3
DA:18,3
DA:19,3
DA:43,0
DA:53,0
DA:63,3
LF:12
LH:10
BRF:0
BRH:0
end_of_record
TN:
SF:src/components/glasses/components/recommended/recommended.style.ts
FNF:0
FNH:0
DA:1,2
DA:2,2
DA:4,2
LF:3
LH:3
BRF:0
BRH:0
end_of_record
TN:
SF:src/components/glasses/components/recommended/recommended.tsx
FN:5,(anonymous_0)
FN:12,(anonymous_1)
FNF:2
FNH:2
FNDA:2,(anonymous_0)
FNDA:8,(anonymous_1)
DA:1,2
DA:3,2
DA:5,2
DA:10,2
DA:13,8
DA:19,2
LF:6
LH:6
BRF:0
BRH:0
end_of_record
TN:
SF:src/components/helpers/functions/functions.ts
FN:3,(anonymous_0)
FNF:1
FNH:0
FNDA:0,(anonymous_0)
DA:3,1
DA:4,0
LF:2
LH:1
BRF:0
BRH:0
end_of_record
TN:
SF:src/components/helpers/functions/api/api.ts
FN:19,getApiData
FN:24,getCSRFToken
FN:37,jwtGetToken
FN:61,getUserData
FN:74,verifyValidToken
FN:87,refreshToken
FN:99,CheckOrRefresh
FN:114,logOutUser
FN:130,PostComment
FN:153,RemovePostComment
FNF:10
FNH:3
FNDA:3,getApiData
FNDA:0,getCSRFToken
FNDA:0,jwtGetToken
FNDA:4,getUserData
FNDA:0,verifyValidToken
FNDA:4,refreshToken
FNDA:0,CheckOrRefresh
FNDA:0,logOutUser
FNDA:0,PostComment
FNDA:0,RemovePostComment
DA:2,8
DA:3,8
DA:8,8
DA:16,8
DA:19,8
DA:20,3
DA:21,3
DA:24,8
DA:25,0
DA:30,0
DA:31,0
DA:34,0
DA:37,8
DA:41,0
DA:58,0
DA:61,8
DA:62,4
DA:71,4
DA:74,8
DA:75,0
DA:84,0
DA:87,8
DA:88,4
DA:96,4
DA:99,8
DA:100,0
DA:102,0
DA:103,0
DA:105,0
DA:106,0
DA:107,0
DA:111,0
DA:114,8
DA:115,0
DA:122,0
DA:123,0
DA:124,0
DA:126,0
DA:127,0
DA:130,8
DA:137,0
DA:141,0
DA:142,0
DA:144,0
DA:150,0
DA:153,8
DA:154,0
DA:155,0
DA:163,0
LF:49
LH:20
BRDA:30,0,0,0
BRDA:102,1,0,0
BRDA:105,2,0,0
BRDA:122,3,0,0
BRDA:141,4,0,0
BRDA:147,5,0,0
BRDA:147,5,1,0
BRF:7
BRH:0
end_of_record
TN:
SF:src/components/helpers/functions/api/helpers.ts
FN:16,getApiRequestErrors
FNF:1
FNH:0
FNDA:0,getApiRequestErrors
DA:1,8
DA:8,8
DA:16,8
DA:17,0
DA:20,0
DA:22,0
LF:6
LH:3
BRDA:17,0,0,0
BRDA:17,0,1,0
BRF:2
BRH:0
end_of_record
TN:
SF:src/components/helpers/utils/modal/modal.style.ts
FN:6,(anonymous_1)
FNF:1
FNH:0
FNDA:0,(anonymous_1)
DA:1,1
DA:2,1
DA:4,1
DA:6,0
DA:16,1
DA:26,1
LF:6
LH:5
BRF:0
BRH:0
end_of_record
TN:
SF:src/components/helpers/utils/modal/modal.tsx
FN:5,WarningModal
FNF:1
FNH:0
FNDA:0,WarningModal
DA:2,1
DA:3,1
DA:5,1
DA:9,0
LF:4
LH:3
BRF:0
BRH:0
end_of_record
TN:
SF:src/components/home/components/pricing/pricetable/pricetable.style.ts
FNF:0
FNH:0
DA:1,4
DA:2,4
DA:4,4
LF:3
LH:3
BRF:0
BRH:0
end_of_record
TN:
SF:src/components/home/components/pricing/pricetable/pricetable.tsx
FN:10,PriceTable
FN:28,(anonymous_8)
FN:36,(anonymous_9)
FNF:3
FNH:1
FNDA:31,PriceTable
FNDA:0,(anonymous_8)
FNDA:0,(anonymous_9)
DA:1,4
DA:3,4
DA:4,4
DA:5,4
DA:6,4
DA:7,4
DA:8,4
DA:10,4
DA:11,31
DA:12,31
DA:14,31
DA:16,31
DA:29,0
DA:37,0
LF:14
LH:12
BRDA:15,0,0,28
BRDA:15,0,1,3
BRDA:15,1,0,0
BRDA:15,1,1,31
BRDA:15,2,0,31
BRDA:15,2,1,31
BRDA:19,3,0,0
BRDA:19,3,1,31
BRDA:19,4,0,31
BRDA:19,4,1,31
BRDA:22,5,0,31
BRDA:22,5,1,23
BRF:12
BRH:10
end_of_record
TN:
SF:src/components/partials/cartsidebar/cartItems.tsx
FN:4,CartItems
FN:12,(anonymous_2)
FNF:2
FNH:0
FNDA:0,CartItems
FNDA:0,(anonymous_2)
DA:1,1
DA:2,1
DA:4,1
DA:5,0
DA:6,0
DA:13,0
LF:6
LH:3
BRF:0
BRH:0
end_of_record
TN:
SF:src/components/partials/cartsidebar/sidebar.style.ts
FNF:0
FNH:0
DA:1,1
DA:2,1
DA:4,1
DA:21,1
LF:4
LH:4
BRF:0
BRH:0
end_of_record
TN:
SF:src/components/partials/cartsidebar/sidebar.tsx
FN:6,CartSideBar
FN:12,(anonymous_2)
FN:15,(anonymous_3)
FNF:3
FNH:0
FNDA:0,CartSideBar
FNDA:0,(anonymous_2)
FNDA:0,(anonymous_3)
DA:2,1
DA:3,1
DA:4,1
DA:6,1
DA:7,0
DA:8,0
DA:13,0
DA:16,0
LF:8
LH:4
BRF:0
BRH:0
end_of_record
TN:
SF:src/components/partials/navbar/helpers.ts
FN:1,(anonymous_0)
FN:8,(anonymous_1)
FNF:2
FNH:0
FNDA:0,(anonymous_0)
FNDA:0,(anonymous_1)
DA:1,1
DA:2,0
DA:3,0
DA:4,0
DA:8,1
DA:9,0
DA:10,0
DA:11,0
LF:8
LH:2
BRDA:2,0,0,0
BRDA:9,1,0,0
BRF:2
BRH:0
end_of_record
TN:
SF:src/components/partials/navbar/navbar.style.ts
FNF:0
FNH:0
DA:1,1
DA:2,1
DA:6,1
DA:19,1
LF:4
LH:4
BRF:0
BRH:0
end_of_record
TN:
SF:src/components/partials/navbar/navbar.tsx
FN:11,Navbar
FN:19,(anonymous_15)
FN:20,(anonymous_16)
FN:20,(anonymous_17)
FN:40,(anonymous_18)
FNF:5
FNH:0
FNDA:0,Navbar
FNDA:0,(anonymous_15)
FNDA:0,(anonymous_16)
FNDA:0,(anonymous_17)
FNDA:0,(anonymous_18)
DA:1,1
DA:2,1
DA:3,1
DA:4,1
DA:6,1
DA:7,1
DA:8,1
DA:9,1
DA:11,1
DA:12,0
DA:16,0
DA:17,0
DA:19,0
DA:20,0
DA:21,0
DA:22,0
DA:25,0
DA:26,0
DA:27,0
DA:28,0
DA:32,0
DA:33,0
DA:36,0
DA:41,0
LF:24
LH:9
BRDA:21,0,0,0
BRDA:32,1,0,0
BRF:2
BRH:0
end_of_record
TN:
SF:src/components/partials/navbar/navtags/navinfo.style.ts
FNF:0
FNH:0
DA:1,1
DA:2,1
DA:4,1
DA:9,1
DA:24,1
LF:5
LH:5
BRF:0
BRH:0
end_of_record
TN:
SF:src/components/partials/navbar/navtags/navinfo.tsx
FN:7,NavItemsGroup
FN:13,(anonymous_8)
FN:16,(anonymous_9)
FN:23,(anonymous_10)
FNF:4
FNH:0
FNDA:0,NavItemsGroup
FNDA:0,(anonymous_8)
FNDA:0,(anonymous_9)
FNDA:0,(anonymous_10)
DA:1,1
DA:2,1
DA:4,1
DA:5,1
DA:7,1
DA:8,0
DA:10,0
DA:14,0
DA:17,0
DA:24,0
LF:10
LH:5
BRF:0
BRH:0
end_of_record
TN:
SF:src/components/partials/navbar/navtags/relateds/related.style.ts
FNF:0
FNH:0
DA:1,1
DA:3,1
LF:2
LH:2
BRF:0
BRH:0
end_of_record
TN:
SF:src/components/partials/navbar/navtags/relateds/related.tsx
FN:7,RelatedItens
FNF:1
FNH:0
FNDA:0,RelatedItens
DA:2,1
DA:3,1
DA:4,1
DA:7,1
DA:12,0
LF:5
LH:4
BRF:0
BRH:0
end_of_record
TN:
SF:src/components/partials/navbar/navtopside/navtop.style.ts
FNF:0
FNH:0
DA:1,1
DA:2,1
DA:4,1
DA:9,1
DA:34,1
LF:5
LH:5
BRF:0
BRH:0
end_of_record
TN:
SF:src/components/partials/navbar/navtopside/navtop.tsx
FN:5,NavbarTopSide
FNF:1
FNH:0
FNDA:0,NavbarTopSide
DA:1,1
DA:2,1
DA:3,1
DA:5,1
DA:6,0
DA:7,0
LF:6
LH:4
BRDA:19,0,0,0
BRDA:19,0,1,0
BRDA:20,1,0,0
BRDA:20,1,1,0
BRDA:20,2,0,0
BRDA:20,2,1,0
BRF:6
BRH:0
end_of_record
TN:
SF:src/components/partials/navbar/navtopside/cart/cart.style.ts
FNF:0
FNH:0
DA:1,1
DA:2,1
DA:4,1
LF:3
LH:3
BRF:0
BRH:0
end_of_record
TN:
SF:src/components/partials/navbar/navtopside/cart/cart.tsx
FN:4,Cart
FN:7,(anonymous_2)
FNF:2
FNH:0
FNDA:0,Cart
FNDA:0,(anonymous_2)
DA:1,1
DA:2,1
DA:4,1
DA:5,0
DA:7,0
DA:8,0
LF:6
LH:3
BRF:0
BRH:0
end_of_record
TN:
SF:src/components/search/components/filter/filter.style.ts
FNF:0
FNH:0
DA:1,1
DA:2,1
DA:7,1
DA:15,1
LF:4
LH:4
BRF:0
BRH:0
end_of_record
TN:
SF:src/components/search/components/filter/filter.tsx
FN:10,(anonymous_7)
FNF:1
FNH:1
FNDA:4,(anonymous_7)
DA:1,1
DA:2,1
DA:3,1
DA:4,1
DA:5,1
DA:6,1
DA:7,1
DA:8,1
DA:10,1
DA:11,4
DA:12,4
DA:14,4
DA:15,2
DA:19,2
DA:74,1
LF:15
LH:15
BRDA:14,0,0,2
BRF:1
BRH:1
end_of_record
TN:
SF:src/components/search/components/filter/hook.ts
FN:6,useSearchHook
FN:21,(anonymous_9)
FN:22,(anonymous_10)
FN:22,(anonymous_11)
FN:30,(anonymous_12)
FN:45,(anonymous_13)
FNF:6
FNH:6
FNDA:4,useSearchHook
FNDA:2,(anonymous_9)
FNDA:2,(anonymous_10)
FNDA:2,(anonymous_11)
FNDA:2,(anonymous_12)
FNDA:2,(anonymous_13)
DA:1,1
DA:3,1
DA:4,1
DA:6,1
DA:7,4
DA:8,4
DA:21,4
DA:22,2
DA:23,2
DA:24,2
DA:26,2
DA:27,0
DA:29,2
DA:30,2
DA:31,2
DA:42,0
DA:45,2
DA:46,2
DA:51,4
LF:19
LH:17
BRDA:26,0,0,0
BRF:1
BRH:0
end_of_record
TN:
SF:src/components/search/components/filter/components/components.style.ts
FNF:0
FNH:0
DA:1,3
DA:2,3
DA:6,3
DA:8,3
DA:15,3
DA:22,3
LF:6
LH:6
BRF:0
BRH:0
end_of_record
TN:
SF:src/components/search/components/filter/components/amount/amount.style.ts
FNF:0
FNH:0
DA:1,2
DA:2,2
DA:4,2
DA:10,2
DA:18,2
LF:5
LH:5
BRF:0
BRH:0
end_of_record
TN:
SF:src/components/search/components/filter/components/amount/amount.tsx
FN:10,(anonymous_7)
FN:17,(anonymous_8)
FN:45,(anonymous_9)
FNF:3
FNH:3
FNDA:10,(anonymous_7)
FNDA:5,(anonymous_8)
FNDA:2,(anonymous_9)
DA:1,2
DA:2,2
DA:4,2
DA:8,2
DA:10,2
DA:11,10
DA:12,10
DA:17,10
DA:18,5
DA:19,5
DA:21,5
DA:22,3
DA:24,2
DA:27,5
DA:28,3
DA:30,2
DA:33,5
DA:37,5
DA:41,10
DA:42,5
DA:45,5
DA:46,2
DA:47,1
DA:49,1
DA:53,5
DA:78,2
LF:26
LH:26
BRDA:21,0,0,3
BRDA:21,0,1,2
BRDA:27,1,0,3
BRDA:27,1,1,2
BRDA:41,2,0,5
BRDA:46,3,0,1
BRDA:46,3,1,1
BRF:7
BRH:7
end_of_record
TN:
SF:src/components/search/components/filter/components/amount/byAmount.tsx
FN:4,ByAmount
FN:13,valueHandler
FNF:2
FNH:2
FNDA:12,ByAmount
FNDA:2,valueHandler
DA:1,2
DA:2,2
DA:4,2
DA:11,12
DA:14,2
DA:15,2
DA:16,2
DA:17,2
DA:18,1
DA:20,1
DA:25,12
LF:11
LH:11
BRDA:14,0,0,2
BRDA:17,1,0,1
BRDA:17,1,1,1
BRF:3
BRH:3
end_of_record
TN:
SF:src/components/search/components/filter/components/dynamicfilters/byFilters.tsx
FN:5,ByFilters
FN:14,(anonymous_7)
FNF:2
FNH:2
FNDA:60,ByFilters
FNDA:5,(anonymous_7)
DA:2,2
DA:5,2
DA:14,60
DA:15,5
DA:16,5
DA:17,5
DA:21,60
LF:7
LH:7
BRDA:16,0,0,5
BRF:1
BRH:1
end_of_record
TN:
SF:src/components/search/components/filter/components/dynamicfilters/filters.tsx
FN:7,(anonymous_7)
FN:17,(anonymous_8)
FN:20,(anonymous_9)
FN:33,(anonymous_10)
FN:45,(anonymous_11)
FNF:5
FNH:5
FNDA:24,(anonymous_7)
FNDA:12,(anonymous_8)
FNDA:6,(anonymous_9)
FNDA:5,(anonymous_10)
FNDA:60,(anonymous_11)
DA:1,2
DA:2,2
DA:5,2
DA:7,2
DA:14,24
DA:15,24
DA:17,24
DA:18,12
DA:19,2
DA:20,2
DA:21,6
DA:23,2
DA:25,12
DA:29,24
DA:30,12
DA:33,12
DA:34,5
DA:38,5
DA:41,12
DA:46,60
DA:64,2
LF:21
LH:21
BRDA:12,0,0,0
BRDA:18,1,0,2
BRDA:29,2,0,12
BRF:3
BRH:2
end_of_record
TN:
SF:src/components/search/components/filter/components/order/byOrder.tsx
FN:4,ByOrder
FN:15,(anonymous_7)
FNF:2
FNH:2
FNDA:18,ByOrder
FNDA:6,(anonymous_7)
DA:1,2
DA:4,2
DA:12,18
DA:16,6
LF:4
LH:4
BRF:0
BRH:0
end_of_record
TN:
SF:src/components/search/components/filter/components/order/order.tsx
FN:6,ByOrderContainer
FN:13,(anonymous_8)
FN:26,(anonymous_9)
FNF:3
FNH:3
FNDA:12,ByOrderContainer
FNDA:6,(anonymous_8)
FNDA:6,(anonymous_9)
DA:1,2
DA:2,2
DA:3,2
DA:6,2
DA:10,12
DA:11,12
DA:13,12
DA:14,6
DA:15,2
DA:16,2
DA:18,6
DA:22,12
DA:23,6
DA:26,6
DA:27,6
DA:30,6
LF:16
LH:16
BRDA:14,0,0,2
BRDA:22,1,0,6
BRF:2
BRH:2
end_of_record
TN:
SF:src/components/search/components/filter/components/submit/helpers.ts
FN:29,queryResolver
FNF:1
FNH:0
FNDA:0,queryResolver
DA:2,1
DA:29,1
DA:38,0
DA:40,0
DA:41,0
DA:43,0
DA:44,0
DA:46,0
DA:47,0
DA:49,0
DA:50,0
DA:52,0
DA:53,0
DA:55,0
DA:56,0
DA:58,0
DA:59,0
DA:61,0
DA:62,0
DA:65,0
LF:20
LH:2
BRDA:40,0,0,0
BRDA:43,1,0,0
BRDA:46,2,0,0
BRDA:49,3,0,0
BRDA:52,4,0,0
BRDA:55,5,0,0
BRDA:58,6,0,0
BRDA:61,7,0,0
BRF:8
BRH:0
end_of_record
TN:
SF:src/components/search/components/filter/components/submit/submit.style.ts
FNF:0
FNH:0
DA:1,1
DA:3,1
LF:2
LH:2
BRF:0
BRH:0
end_of_record
TN:
SF:src/components/search/components/filter/components/submit/submit.tsx
FN:7,BySubmit
FN:12,(anonymous_2)
FNF:2
FNH:1
FNDA:2,BySubmit
FNDA:0,(anonymous_2)
DA:1,1
DA:2,1
DA:3,1
DA:4,1
DA:5,1
DA:7,1
DA:8,2
DA:9,2
DA:10,2
DA:12,2
DA:13,0
DA:15,0
DA:17,0
DA:19,0
DA:20,0
DA:23,2
LF:16
LH:11
BRDA:15,0,0,0
BRDA:15,1,0,0
BRDA:15,1,1,0
BRF:3
BRH:0
end_of_record
TN:
SF:src/components/search/components/navigation/helpers.ts
FN:9,getNavigationProducts
FN:35,getPageNumber
FN:40,urlPageNumberResolver
FN:46,scrollUpWhenNav
FNF:4
FNH:1
FNDA:0,getNavigationProducts
FNDA:17,getPageNumber
FNDA:0,urlPageNumberResolver
FNDA:0,scrollUpWhenNav
DA:2,3
DA:7,3
DA:9,3
DA:13,0
DA:14,0
DA:15,0
DA:17,0
DA:18,0
DA:21,0
DA:22,0
DA:23,0
DA:28,0
DA:29,0
DA:32,0
DA:35,3
DA:36,17
DA:37,17
DA:40,3
DA:41,0
DA:42,0
DA:43,0
DA:46,3
DA:47,0
LF:23
LH:8
BRDA:14,0,0,0
BRDA:14,0,1,0
BRDA:17,1,0,0
BRDA:28,2,0,0
BRDA:37,3,0,16
BRDA:37,3,1,1
BRDA:47,4,0,0
BRDA:47,4,1,0
BRDA:47,5,0,0
BRDA:47,5,1,0
BRF:10
BRH:2
end_of_record
TN:
SF:src/components/search/components/navigation/hook.ts
FN:9,useNavigationHook
FN:19,(anonymous_7)
FN:22,(anonymous_8)
FN:28,(anonymous_9)
FNF:4
FNH:0
FNDA:0,useNavigationHook
FNDA:0,(anonymous_7)
FNDA:0,(anonymous_8)
FNDA:0,(anonymous_9)
DA:1,1
DA:2,1
DA:4,1
DA:9,1
DA:10,0
DA:11,0
DA:12,0
DA:13,0
DA:14,0
DA:19,0
DA:20,0
DA:21,0
DA:22,0
DA:23,0
DA:28,0
DA:29,0
DA:30,0
DA:31,0
DA:34,0
LF:19
LH:4
BRDA:29,0,0,0
BRDA:29,0,1,0
BRF:2
BRH:0
end_of_record
TN:
SF:src/components/search/components/navigation/navigation.tsx
FN:6,Navigation
FNF:1
FNH:1
FNDA:3,Navigation
DA:1,1
DA:2,1
DA:3,1
DA:4,1
DA:6,1
DA:13,3
DA:15,3
DA:17,2
DA:19,1
LF:9
LH:9
BRDA:15,0,0,1
BRDA:17,1,0,1
BRF:2
BRH:2
end_of_record
TN:
SF:src/components/search/components/navigation/components/navigate/eachNav.tsx
FN:4,EachNav
FNF:1
FNH:1
FNDA:66,EachNav
DA:1,2
DA:4,2
DA:9,66
LF:3
LH:3
BRDA:11,0,0,16
BRDA:11,0,1,50
BRF:2
BRH:2
end_of_record
TN:
SF:src/components/search/components/navigation/components/navigate/helpers.ts
FN:4,resetArrayNavigation
FN:12,arrayResolver
FN:29,getMaxItemsDividedPerLimit
FN:37,useNavHook
FNF:4
FNH:4
FNDA:17,resetArrayNavigation
FNDA:17,arrayResolver
FNDA:17,getMaxItemsDividedPerLimit
FNDA:17,useNavHook
DA:1,2
DA:2,2
DA:5,17
DA:6,17
DA:7,66
DA:9,17
DA:12,2
DA:13,17
DA:14,1
DA:16,16
DA:17,11
DA:21,5
DA:22,3
DA:25,2
DA:29,2
DA:30,17
DA:31,17
DA:37,2
DA:38,17
DA:40,17
DA:42,17
DA:43,17
DA:45,17
LF:23
LH:23
BRDA:13,0,0,1
BRDA:13,0,1,16
BRDA:13,1,0,17
BRDA:13,1,1,2
BRDA:16,2,0,11
BRDA:16,2,1,5
BRDA:16,3,0,16
BRDA:16,3,1,16
BRDA:17,4,0,6
BRDA:17,4,1,5
BRDA:21,5,0,3
BRDA:21,5,1,2
BRDA:21,6,0,5
BRDA:21,6,1,4
BRF:14
BRH:14
end_of_record
TN:
SF:src/components/search/components/navigation/components/navigate/navigate.style.ts
FN:37,(anonymous_1)
FNF:1
FNH:1
FNDA:66,(anonymous_1)
DA:1,2
DA:2,2
DA:7,2
DA:18,2
DA:24,2
DA:32,2
DA:38,66
DA:42,50
DA:53,2
LF:9
LH:9
BRDA:38,0,0,16
BRF:1
BRH:1
end_of_record
TN:
SF:src/components/search/components/navigation/components/navigate/navigate.tsx
FN:7,SearchNavigation
FN:36,(anonymous_8)
FNF:2
FNH:2
FNDA:17,SearchNavigation
FNDA:66,(anonymous_8)
DA:1,2
DA:2,2
DA:4,2
DA:5,2
DA:7,2
DA:12,17
DA:13,17
DA:15,17
DA:37,66
LF:9
LH:9
BRDA:17,0,0,17
BRDA:17,0,1,14
BRDA:41,1,0,16
BRDA:41,1,1,50
BRDA:50,2,0,17
BRDA:50,2,1,9
BRF:6
BRH:6
end_of_record
TN:
SF:src/components/search/components/navigation/components/products/products.style.ts
FNF:0
FNH:0
DA:1,2
DA:2,2
DA:7,2
DA:18,2
LF:4
LH:4
BRF:0
BRH:0
end_of_record
TN:
SF:src/components/search/components/navigation/components/products/products.tsx
FN:5,NoDataExists
FN:15,SearchProducts
FN:21,(anonymous_8)
FNF:3
FNH:3
FNDA:1,NoDataExists
FNDA:4,SearchProducts
FNDA:23,(anonymous_8)
DA:1,2
DA:2,2
DA:5,2
DA:6,1
DA:15,2
DA:19,4
DA:22,23
LF:7
LH:7
BRDA:16,0,0,0
BRF:1
BRH:0
end_of_record
TN:
SF:src/context/authContext/api.ts
FN:8,checkUserIsNotAuthOrGetUserData
FN:34,refreshUserToken
FNF:2
FNH:1
FNDA:4,checkUserIsNotAuthOrGetUserData
FNDA:0,refreshUserToken
DA:1,4
DA:8,4
DA:9,4
DA:11,4
DA:12,0
DA:15,4
DA:17,4
DA:19,4
DA:20,0
DA:23,4
DA:25,4
DA:30,4
DA:34,4
DA:35,0
DA:37,0
DA:38,0
DA:41,0
LF:17
LH:11
BRDA:11,0,0,0
BRDA:19,1,0,0
BRDA:37,2,0,0
BRF:3
BRH:0
end_of_record
TN:
SF:src/context/authContext/actions/actions.ts
FN:9,(anonymous_0)
FN:11,(anonymous_1)
FN:14,(anonymous_2)
FN:18,(anonymous_3)
FNF:4
FNH:2
FNDA:8,(anonymous_0)
FNDA:4,(anonymous_1)
FNDA:0,(anonymous_2)
FNDA:0,(anonymous_3)
DA:1,4
DA:5,4
DA:6,4
DA:7,4
DA:9,4
DA:10,8
DA:12,4
DA:15,0
DA:16,0
DA:19,0
LF:10
LH:7
BRF:0
BRH:0
end_of_record
TN:
SF:src/context/authContext/context/context.ts
FN:11,(anonymous_0)
FNF:1
FNH:1
FNDA:2,(anonymous_0)
DA:1,4
DA:3,4
DA:5,4
DA:11,4
DA:12,2
DA:14,2
DA:15,0
DA:17,2
DA:20,4
LF:9
LH:8
BRDA:14,0,0,0
BRF:1
BRH:0
end_of_record
TN:
SF:src/context/authContext/context/provider.tsx
FN:14,(anonymous_7)
FN:22,(anonymous_8)
FN:23,(anonymous_9)
FN:23,(anonymous_10)
FN:26,(anonymous_11)
FN:39,(anonymous_12)
FNF:6
FNH:6
FNDA:8,(anonymous_7)
FNDA:4,(anonymous_8)
FNDA:4,(anonymous_9)
FNDA:4,(anonymous_10)
FNDA:4,(anonymous_11)
FNDA:4,(anonymous_12)
DA:1,4
DA:2,4
DA:4,4
DA:6,4
DA:8,4
DA:10,4
DA:14,4
DA:15,8
DA:16,8
DA:20,8
DA:22,8
DA:23,4
DA:24,4
DA:25,4
DA:27,4
DA:28,4
DA:33,0
DA:34,0
DA:39,4
DA:40,4
DA:44,8
DA:45,4
DA:49,4
DA:54,4
LF:24
LH:22
BRDA:27,0,0,4
BRDA:33,1,0,0
BRDA:44,2,0,4
BRF:3
BRH:2
end_of_record
TN:
SF:src/context/authContext/reducer/reducer.ts
FN:6,(anonymous_0)
FNF:1
FNH:1
FNDA:4,(anonymous_0)
DA:2,4
DA:3,4
DA:6,4
DA:10,4
DA:12,4
DA:18,0
DA:21,0
DA:24,0
LF:8
LH:5
BRDA:10,0,0,4
BRDA:10,0,1,0
BRDA:10,0,2,0
BRDA:10,0,3,0
BRF:4
BRH:1
end_of_record
TN:
SF:src/context/cartContext/actions/actions.ts
FN:10,cartActions
FN:12,(anonymous_1)
FN:15,(anonymous_2)
FN:18,(anonymous_3)
FN:21,(anonymous_4)
FNF:5
FNH:1
FNDA:42,cartActions
FNDA:0,(anonymous_1)
FNDA:0,(anonymous_2)
FNDA:0,(anonymous_3)
FNDA:0,(anonymous_4)
DA:4,10
DA:5,10
DA:6,10
DA:7,10
DA:10,10
DA:11,42
DA:13,0
DA:16,0
DA:19,0
DA:22,0
LF:10
LH:6
BRF:0
BRH:0
end_of_record
TN:
SF:src/context/cartContext/context/context.ts
FN:11,useCartContext
FNF:1
FNH:1
FNDA:34,useCartContext
DA:1,10
DA:2,10
DA:5,10
DA:11,10
DA:12,34
DA:14,34
DA:15,0
DA:18,34
LF:8
LH:7
BRDA:14,0,0,0
BRF:1
BRH:0
end_of_record
TN:
SF:src/context/cartContext/context/provider.tsx
FN:12,CartContextProvider
FN:20,(anonymous_2)
FNF:2
FNH:2
FNDA:42,CartContextProvider
FNDA:21,(anonymous_2)
DA:1,10
DA:3,10
DA:4,10
DA:6,10
DA:9,10
DA:12,10
DA:13,42
DA:14,42
DA:18,42
DA:20,42
DA:22,21
DA:24,21
DA:25,0
DA:27,0
DA:28,0
DA:29,0
DA:30,0
DA:35,21
DA:36,0
DA:40,0
DA:43,21
DA:47,42
DA:48,21
DA:52,21
DA:58,21
LF:25
LH:18
BRDA:27,0,0,0
BRDA:27,1,0,0
BRDA:27,1,1,0
BRDA:29,2,0,0
BRDA:35,3,0,0
BRDA:47,4,0,21
BRF:6
BRH:1
end_of_record
TN:
SF:src/context/cartContext/reducer/reducer.ts
FN:5,CartReducer
FN:21,(anonymous_1)
FN:33,(anonymous_2)
FNF:3
FNH:0
FNDA:0,CartReducer
FNDA:0,(anonymous_1)
FNDA:0,(anonymous_2)
DA:1,10
DA:5,10
DA:9,0
DA:11,0
DA:12,0
DA:15,0
DA:16,0
DA:17,0
DA:21,0
DA:22,0
DA:23,0
DA:25,0
DA:26,0
DA:27,0
DA:31,0
DA:32,0
DA:33,0
DA:34,0
DA:35,0
DA:36,0
DA:39,0
DA:40,0
DA:41,0
DA:42,0
DA:46,0
DA:47,0
DA:48,0
DA:49,0
DA:52,0
DA:54,0
LF:30
LH:2
BRDA:11,0,0,0
BRDA:15,1,0,0
BRDA:15,1,1,0
BRDA:16,2,0,0
BRDA:21,3,0,0
BRDA:31,4,0,0
BRDA:39,5,0,0
BRDA:41,6,0,0
BRDA:46,7,0,0
BRDA:48,8,0,0
BRF:10
BRH:0
end_of_record
TN:
SF:src/context/searchContext/actions/actions.ts
FN:12,(anonymous_0)
FN:14,(anonymous_1)
FN:17,(anonymous_2)
FN:20,(anonymous_3)
FN:23,(anonymous_4)
FN:26,(anonymous_5)
FN:29,(anonymous_6)
FN:32,(anonymous_7)
FN:35,(anonymous_8)
FNF:9
FNH:1
FNDA:18,(anonymous_0)
FNDA:0,(anonymous_1)
FNDA:0,(anonymous_2)
FNDA:0,(anonymous_3)
FNDA:0,(anonymous_4)
FNDA:0,(anonymous_5)
FNDA:0,(anonymous_6)
FNDA:0,(anonymous_7)
FNDA:0,(anonymous_8)
DA:3,9
DA:4,9
DA:5,9
DA:6,9
DA:7,9
DA:8,9
DA:9,9
DA:10,9
DA:12,9
DA:13,18
DA:15,0
DA:18,0
DA:21,0
DA:24,0
DA:27,0
DA:30,0
DA:33,0
DA:36,0
LF:18
LH:10
BRF:0
BRH:0
end_of_record
TN:
SF:src/context/searchContext/context/context.ts
FN:20,useSearchContext
FNF:1
FNH:1
FNDA:6,useSearchContext
DA:1,9
DA:3,9
DA:5,9
DA:20,9
DA:21,6
DA:23,6
DA:24,0
DA:27,6
LF:8
LH:7
BRDA:23,0,0,0
BRF:1
BRH:0
end_of_record
TN:
SF:src/context/searchContext/context/provider.tsx
FN:12,(anonymous_0)
FNF:1
FNH:1
FNDA:18,(anonymous_0)
DA:1,9
DA:3,9
DA:4,9
DA:5,9
DA:8,9
DA:12,9
DA:13,18
DA:14,18
DA:16,18
DA:21,18
LF:10
LH:10
BRF:0
BRH:0
end_of_record
TN:
SF:src/context/searchContext/reducer/reducer.ts
FN:14,(anonymous_0)
FNF:1
FNH:0
FNDA:0,(anonymous_0)
DA:1,9
DA:14,9
DA:18,0
DA:20,0
DA:21,0
DA:23,0
DA:26,0
DA:27,0
DA:29,0
DA:32,0
DA:33,0
DA:34,0
DA:35,0
DA:36,0
DA:38,0
DA:41,0
DA:44,0
DA:45,0
DA:46,0
DA:47,0
DA:48,0
DA:50,0
DA:53,0
DA:55,0
DA:56,0
DA:57,0
DA:58,0
DA:59,0
DA:61,0
DA:64,0
DA:67,0
DA:68,0
DA:69,0
DA:70,0
DA:71,0
DA:73,0
DA:76,0
DA:79,0
DA:80,0
DA:81,0
DA:82,0
DA:83,0
DA:85,0
DA:88,0
DA:91,0
DA:92,0
DA:93,0
DA:95,0
DA:98,0
DA:101,0
LF:50
LH:2
BRDA:20,0,0,0
BRDA:26,1,0,0
BRDA:32,2,0,0
BRDA:34,3,0,0
BRDA:34,3,1,0
BRDA:44,4,0,0
BRDA:46,5,0,0
BRDA:46,5,1,0
BRDA:55,6,0,0
BRDA:57,7,0,0
BRDA:57,7,1,0
BRDA:67,8,0,0
BRDA:69,9,0,0
BRDA:69,9,1,0
BRDA:79,10,0,0
BRDA:81,11,0,0
BRDA:81,11,1,0
BRDA:91,12,0,0
BRDA:92,13,0,0
BRDA:92,13,1,0
BRF:20
BRH:0
end_of_record
TN:
SF:src/mocks/handlers.ts
FN:10,(anonymous_0)
FN:14,(anonymous_1)
FN:18,(anonymous_2)
FN:21,(anonymous_3)
FN:25,(anonymous_4)
FN:29,(anonymous_5)
FNF:6
FNH:4
FNDA:0,(anonymous_0)
FNDA:2,(anonymous_1)
FNDA:1,(anonymous_2)
FNDA:4,(anonymous_3)
FNDA:4,(anonymous_4)
FNDA:0,(anonymous_5)
DA:1,11
DA:2,11
DA:3,11
DA:4,11
DA:5,11
DA:6,11
DA:7,11
DA:9,11
DA:11,0
DA:15,2
DA:19,1
DA:22,4
DA:26,4
DA:30,0
LF:14
LH:12
BRF:0
BRH:0
end_of_record
TN:
SF:src/mocks/necessarilyProviders.tsx
FN:6,TestProviders
FNF:1
FNH:1
FNDA:18,TestProviders
DA:1,9
DA:2,9
DA:4,9
DA:6,9
DA:7,18
LF:5
LH:5
BRF:0
BRH:0
end_of_record
TN:
SF:src/mocks/server.ts
FN:7,serverMockSetup
FN:11,(anonymous_1)
FN:13,(anonymous_2)
FN:21,(anonymous_3)
FN:25,(anonymous_4)
FNF:5
FNH:0
FNDA:0,serverMockSetup
FNDA:0,(anonymous_1)
FNDA:0,(anonymous_2)
FNDA:0,(anonymous_3)
FNDA:0,(anonymous_4)
DA:1,11
DA:2,11
DA:5,11
DA:7,11
DA:11,0
DA:13,0
DA:14,0
DA:15,0
DA:21,0
DA:22,0
DA:25,0
LF:11
LH:4
BRF:0
BRH:0
end_of_record
TN:
SF:src/mocks/data/glasses.ts
FNF:0
FNH:0
DA:3,11
DA:6,11
DA:73,11
DA:97,11
DA:195,11
LF:5
LH:5
BRF:0
BRH:0
end_of_record
TN:
SF:src/mocks/data/search.ts
FNF:0
FNH:0
DA:4,11
DA:171,11
LF:2
LH:2
BRF:0
BRH:0
end_of_record
TN:
SF:src/mocks/data/userContext.ts
FNF:0
FNH:0
DA:5,11
DA:12,11
DA:15,11
LF:3
LH:3
BRF:0
BRH:0
end_of_record
TN:
SF:src/settings/account/urls.ts
FNF:0
FNH:0
DA:1,12
DA:3,12
DA:5,12
DA:6,12
DA:8,12
DA:9,12
DA:10,12
DA:11,12
DA:12,12
DA:13,12
DA:15,12
DA:16,12
LF:12
LH:12
BRF:0
BRH:0
end_of_record
TN:
SF:src/settings/glass/configs.ts
FNF:0
FNH:0
DA:1,1
DA:3,1
DA:5,1
DA:7,1
LF:4
LH:4
BRF:0
BRH:0
end_of_record
TN:
SF:src/settings/glass/urls.ts
FNF:0
FNH:0
DA:1,12
DA:3,12
DA:5,12
DA:6,12
DA:8,12
DA:10,12
DA:12,12
LF:7
LH:7
BRF:0
BRH:0
end_of_record
TN:
SF:src/settings/glass/warnings.ts
FNF:0
FNH:0
DA:1,1
DA:3,1
DA:5,1
DA:7,1
DA:10,1
DA:13,1
DA:16,1
DA:19,1
DA:22,1
DA:24,1
DA:26,1
LF:11
LH:11
BRF:0
BRH:0
end_of_record
TN:
SF:src/settings/global/urls.ts
FNF:0
FNH:0
DA:1,12
DA:2,12
DA:3,12
DA:5,12
LF:4
LH:4
BRF:0
BRH:0
end_of_record
TN:
SF:src/settings/home/urls.ts
FNF:0
FNH:0
DA:1,4
DA:3,4
DA:5,4
DA:7,4
LF:4
LH:4
BRF:0
BRH:0
end_of_record
TN:
SF:src/settings/partials/configs.ts
FNF:0
FNH:0
DA:1,5
LF:1
LH:1
BRF:0
BRH:0
end_of_record
TN:
SF:src/settings/search/configs.ts
FNF:0
FNH:0
DA:2,4
DA:8,4
DA:10,4
DA:11,4
DA:12,4
DA:13,4
DA:14,4
DA:15,4
DA:16,4
DA:17,4
LF:10
LH:10
BRF:0
BRH:0
end_of_record
TN:
SF:src/settings/search/urls.ts
FNF:0
FNH:0
DA:1,12
DA:3,12
DA:5,12
DA:7,12
LF:4
LH:4
BRF:0
BRH:0
end_of_record
TN:
SF:src/settings/styles/default.ts
FNF:0
FNH:0
DA:1,5
DA:3,5
DA:8,5
LF:3
LH:3
BRF:0
BRH:0
end_of_record
TN:
SF:src/settings/styles/utils.ts
FN:3,(anonymous_0)
FN:8,(anonymous_1)
FN:14,(anonymous_2)
FNF:3
FNH:3
FNDA:23,(anonymous_0)
FNDA:20,(anonymous_1)
FNDA:46,(anonymous_2)
DA:1,11
DA:3,23
DA:8,20
DA:14,11
DA:18,46
LF:5
LH:5
BRDA:3,0,0,0
BRF:1
BRH:0
end_of_record
TN:
SF:src/settings/warnings/comments.ts
FNF:0
FNH:0
DA:1,1
DA:4,1
LF:2
LH:2
BRF:0
BRH:0
end_of_record
TN:
SF:src/utils/cart.ts
FN:4,createCartObj
FNF:1
FNH:0
FNDA:0,createCartObj
DA:4,4
DA:8,0
LF:2
LH:1
BRDA:6,0,0,0
BRF:1
BRH:0
end_of_record
TN:
SF:src/utils/customError.ts
FN:7,(anonymous_0)
FN:17,(anonymous_1)
FNF:2
FNH:0
FNDA:0,(anonymous_0)
FNDA:0,(anonymous_1)
DA:3,1
DA:11,0
DA:12,0
DA:14,0
DA:18,0
LF:5
LH:1
BRF:0
BRH:0
end_of_record
